running egg_info
creating ../../build/publisher_package/publisher_package.egg-info
writing ../../build/publisher_package/publisher_package.egg-info/PKG-INFO
writing dependency_links to ../../build/publisher_package/publisher_package.egg-info/dependency_links.txt
writing entry points to ../../build/publisher_package/publisher_package.egg-info/entry_points.txt
writing requirements to ../../build/publisher_package/publisher_package.egg-info/requires.txt
writing top-level names to ../../build/publisher_package/publisher_package.egg-info/top_level.txt
writing manifest file '../../build/publisher_package/publisher_package.egg-info/SOURCES.txt'
reading manifest file '../../build/publisher_package/publisher_package.egg-info/SOURCES.txt'
writing manifest file '../../build/publisher_package/publisher_package.egg-info/SOURCES.txt'
running build
running build_py
creating /home/devin/Documents/Github-Projects/ROS2_Projects/ros2_ws/build/publisher_package/build
creating /home/devin/Documents/Github-Projects/ROS2_Projects/ros2_ws/build/publisher_package/build/lib
creating /home/devin/Documents/Github-Projects/ROS2_Projects/ros2_ws/build/publisher_package/build/lib/publisher_package
copying publisher_package/__init__.py -> /home/devin/Documents/Github-Projects/ROS2_Projects/ros2_ws/build/publisher_package/build/lib/publisher_package
running install
running install_lib
creating /home/devin/Documents/Github-Projects/ROS2_Projects/ros2_ws/install/publisher_package/lib/python3.10/site-packages/publisher_package
copying /home/devin/Documents/Github-Projects/ROS2_Projects/ros2_ws/build/publisher_package/build/lib/publisher_package/__init__.py -> /home/devin/Documents/Github-Projects/ROS2_Projects/ros2_ws/install/publisher_package/lib/python3.10/site-packages/publisher_package
byte-compiling /home/devin/Documents/Github-Projects/ROS2_Projects/ros2_ws/install/publisher_package/lib/python3.10/site-packages/publisher_package/__init__.py to __init__.cpython-310.pyc
running install_data
creating /home/devin/Documents/Github-Projects/ROS2_Projects/ros2_ws/install/publisher_package/share/ament_index
creating /home/devin/Documents/Github-Projects/ROS2_Projects/ros2_ws/install/publisher_package/share/ament_index/resource_index
creating /home/devin/Documents/Github-Projects/ROS2_Projects/ros2_ws/install/publisher_package/share/ament_index/resource_index/packages
copying resource/publisher_package -> /home/devin/Documents/Github-Projects/ROS2_Projects/ros2_ws/install/publisher_package/share/ament_index/resource_index/packages
copying package.xml -> /home/devin/Documents/Github-Projects/ROS2_Projects/ros2_ws/install/publisher_package/share/publisher_package
running install_egg_info
Copying ../../build/publisher_package/publisher_package.egg-info to /home/devin/Documents/Github-Projects/ROS2_Projects/ros2_ws/install/publisher_package/lib/python3.10/site-packages/publisher_package-0.0.0-py3.10.egg-info
running install_scripts
writing list of installed files to '/home/devin/Documents/Github-Projects/ROS2_Projects/ros2_ws/build/publisher_package/install.log'
