[0.000000] (-) TimerEvent: {}
[0.000176] (my_robot_controller) JobQueued: {'identifier': 'my_robot_controller', 'dependencies': OrderedDict()}
[0.000197] (publisher_package) JobQueued: {'identifier': 'publisher_package', 'dependencies': OrderedDict()}
[0.000207] (simple_pub_sub) JobQueued: {'identifier': 'simple_pub_sub', 'dependencies': OrderedDict()}
[0.000217] (turtle_sim_navigation) JobQueued: {'identifier': 'turtle_sim_navigation', 'dependencies': OrderedDict()}
[0.000226] (my_robot_controller) JobStarted: {'identifier': 'my_robot_controller'}
[0.004434] (publisher_package) JobStarted: {'identifier': 'publisher_package'}
[0.007221] (simple_pub_sub) JobStarted: {'identifier': 'simple_pub_sub'}
[0.009739] (turtle_sim_navigation) JobStarted: {'identifier': 'turtle_sim_navigation'}
[0.099247] (-) TimerEvent: {}
[0.199704] (-) TimerEvent: {}
[0.300147] (-) TimerEvent: {}
[0.400601] (-) TimerEvent: {}
[0.501066] (-) TimerEvent: {}
[0.601503] (-) TimerEvent: {}
[0.663028] (turtle_sim_navigation) StderrLine: {'line': b'Traceback (most recent call last):\n  File "/usr/lib/python3/dist-packages/colcon_core/executor/__init__.py", line 91, in __call__\n    rc = await self.task(*args, **kwargs)\n  File "/usr/lib/python3/dist-packages/colcon_core/task/__init__.py", line 93, in __call__\n    return await task_method(*args, **kwargs)\n  File "/usr/lib/python3/dist-packages/colcon_ros/task/ament_python/build.py", line 51, in build\n    setup_py_data = get_setup_data(self.context.pkg, env)\n  File "/usr/lib/python3/dist-packages/colcon_core/task/python/__init__.py", line 20, in get_setup_data\n    return dict(pkg.metadata[key](env))\n  File "/usr/lib/python3/dist-packages/colcon_ros/package_augmentation/ros_ament_python.py", line 57, in getter\n    return get_setup_information(\n  File "/usr/lib/python3/dist-packages/colcon_python_setup_py/package_identification/python_setup_py.py", line 241, in get_setup_information\n    _setup_information_cache[hashable_env] = _get_setup_information(\n  File "/usr/lib/python3/dist-packages/colcon_python_setup_py/package_identification/python_setup_py.py", line 288, in _get_setup_information\n    result = subprocess.run(\n  File "/usr/lib/python3.10/subprocess.py", line 526, in run\n    raise CalledProcessError(retcode, process.args,\nsubprocess.CalledProcessError: Command \'[\'/usr/bin/python3\', \'-c\', \'import sys;from contextlib import suppress;exec("with suppress(ImportError):    from setuptools.extern.packaging.specifiers    import SpecifierSet");exec("with suppress(ImportError):    from packaging.specifiers import SpecifierSet");from distutils.core import run_setup;dist = run_setup(    \\\'setup.py\\\', script_args=(\\\'--dry-run\\\',), stop_after=\\\'config\\\');skip_keys = (\\\'cmdclass\\\', \\\'distclass\\\', \\\'ext_modules\\\', \\\'metadata\\\');data = {    key: value for key, value in dist.__dict__.items()     if (        not key.startswith(\\\'_\\\') and         not callable(value) and         key not in skip_keys and         key not in dist.display_option_names    )};data[\\\'metadata\\\'] = {    k: v for k, v in dist.metadata.__dict__.items()     if k not in (\\\'license_files\\\', \\\'provides_extras\\\')};sys.stdout.buffer.write(repr(data).encode(\\\'utf-8\\\'))\']\' returned non-zero exit status 1.\n'}
[0.663996] (turtle_sim_navigation) JobEnded: {'identifier': 'turtle_sim_navigation', 'rc': 1}
[0.664318] (my_robot_controller) JobEnded: {'identifier': 'my_robot_controller', 'rc': 'SIGINT'}
[0.664457] (publisher_package) JobEnded: {'identifier': 'publisher_package', 'rc': 'SIGINT'}
[0.664590] (simple_pub_sub) JobEnded: {'identifier': 'simple_pub_sub', 'rc': 'SIGINT'}
[0.674711] (-) EventReactorShutdown: {}
