[0.911s] Invoking command in '/home/devin/Documents/Github-Projects/ROS2_Projects/ros2_ws/build/simple_pub_sub': PYTHONPATH=/home/devin/Documents/Github-Projects/ROS2_Projects/ros2_ws/build/simple_pub_sub/prefix_override:/usr/lib/python3/dist-packages/colcon_core/task/python/colcon_distutils_commands:/home/devin/Documents/Github-Projects/ROS2_Projects/ros2_ws/install/simple_pub_sub/lib/python3.10/site-packages:${PYTHONPATH} /usr/bin/python3 -W ignore:setup.py install is deprecated setup.py develop --editable --build-directory /home/devin/Documents/Github-Projects/ROS2_Projects/ros2_ws/build/simple_pub_sub/build --no-deps symlink_data --force
[1.086s] running develop
[1.163s] running egg_info
[1.163s] writing simple_pub_sub.egg-info/PKG-INFO
[1.163s] writing dependency_links to simple_pub_sub.egg-info/dependency_links.txt
[1.164s] writing entry points to simple_pub_sub.egg-info/entry_points.txt
[1.164s] writing requirements to simple_pub_sub.egg-info/requires.txt
[1.164s] writing top-level names to simple_pub_sub.egg-info/top_level.txt
[1.165s] reading manifest file 'simple_pub_sub.egg-info/SOURCES.txt'
[1.165s] writing manifest file 'simple_pub_sub.egg-info/SOURCES.txt'
[1.166s] running build_ext
[1.166s] Creating /home/devin/Documents/Github-Projects/ROS2_Projects/ros2_ws/install/simple_pub_sub/lib/python3.10/site-packages/simple-pub-sub.egg-link (link to .)
[1.167s] Installing listener script to /home/devin/Documents/Github-Projects/ROS2_Projects/ros2_ws/install/simple_pub_sub/lib/simple_pub_sub
[1.167s] Installing talker script to /home/devin/Documents/Github-Projects/ROS2_Projects/ros2_ws/install/simple_pub_sub/lib/simple_pub_sub
[1.167s] 
[1.167s] Installed /home/devin/Documents/Github-Projects/ROS2_Projects/ros2_ws/build/simple_pub_sub
[1.167s] running symlink_data
[1.168s] symbolically linking /home/devin/Documents/Github-Projects/ROS2_Projects/ros2_ws/build/simple_pub_sub/resource/simple_pub_sub -> /home/devin/Documents/Github-Projects/ROS2_Projects/ros2_ws/install/simple_pub_sub/share/ament_index/resource_index/packages
[1.168s] symbolically linking /home/devin/Documents/Github-Projects/ROS2_Projects/ros2_ws/build/simple_pub_sub/package.xml -> /home/devin/Documents/Github-Projects/ROS2_Projects/ros2_ws/install/simple_pub_sub/share/simple_pub_sub
[1.246s] Invoked command in '/home/devin/Documents/Github-Projects/ROS2_Projects/ros2_ws/build/simple_pub_sub' returned '0': PYTHONPATH=/home/devin/Documents/Github-Projects/ROS2_Projects/ros2_ws/build/simple_pub_sub/prefix_override:/usr/lib/python3/dist-packages/colcon_core/task/python/colcon_distutils_commands:/home/devin/Documents/Github-Projects/ROS2_Projects/ros2_ws/install/simple_pub_sub/lib/python3.10/site-packages:${PYTHONPATH} /usr/bin/python3 -W ignore:setup.py install is deprecated setup.py develop --editable --build-directory /home/devin/Documents/Github-Projects/ROS2_Projects/ros2_ws/build/simple_pub_sub/build --no-deps symlink_data --force
