[0.967s] Invoking command in '/home/devin/Documents/Github-Projects/ROS2_Projects/ros2_ws/build/publisher_package': PYTHONPATH=/home/devin/Documents/Github-Projects/ROS2_Projects/ros2_ws/build/publisher_package/prefix_override:/usr/lib/python3/dist-packages/colcon_core/task/python/colcon_distutils_commands:/home/devin/Documents/Github-Projects/ROS2_Projects/ros2_ws/install/publisher_package/lib/python3.10/site-packages:${PYTHONPATH} /usr/bin/python3 -W ignore:setup.py install is deprecated setup.py develop --uninstall --editable --build-directory /home/devin/Documents/Github-Projects/ROS2_Projects/ros2_ws/build/publisher_package/build
[1.128s] running develop
[1.208s] Removing /home/devin/Documents/Github-Projects/ROS2_Projects/ros2_ws/install/publisher_package/lib/python3.10/site-packages/publisher-package.egg-link (link to .)
[1.261s] Invoked command in '/home/devin/Documents/Github-Projects/ROS2_Projects/ros2_ws/build/publisher_package' returned '0': PYTHONPATH=/home/devin/Documents/Github-Projects/ROS2_Projects/ros2_ws/build/publisher_package/prefix_override:/usr/lib/python3/dist-packages/colcon_core/task/python/colcon_distutils_commands:/home/devin/Documents/Github-Projects/ROS2_Projects/ros2_ws/install/publisher_package/lib/python3.10/site-packages:${PYTHONPATH} /usr/bin/python3 -W ignore:setup.py install is deprecated setup.py develop --uninstall --editable --build-directory /home/devin/Documents/Github-Projects/ROS2_Projects/ros2_ws/build/publisher_package/build
[1.263s] Invoking command in '/home/devin/Documents/Github-Projects/ROS2_Projects/ros2_ws/src/publisher_package': PYTHONPATH=/home/devin/Documents/Github-Projects/ROS2_Projects/ros2_ws/build/publisher_package/prefix_override:/usr/lib/python3/dist-packages/colcon_core/task/python/colcon_distutils_commands:/home/devin/Documents/Github-Projects/ROS2_Projects/ros2_ws/install/publisher_package/lib/python3.10/site-packages:${PYTHONPATH} /usr/bin/python3 -W ignore:setup.py install is deprecated setup.py egg_info --egg-base ../../build/publisher_package build --build-base /home/devin/Documents/Github-Projects/ROS2_Projects/ros2_ws/build/publisher_package/build install --record /home/devin/Documents/Github-Projects/ROS2_Projects/ros2_ws/build/publisher_package/install.log --single-version-externally-managed install_data --force
[1.402s] running egg_info
[1.402s] writing ../../build/publisher_package/publisher_package.egg-info/PKG-INFO
[1.402s] writing dependency_links to ../../build/publisher_package/publisher_package.egg-info/dependency_links.txt
[1.402s] writing entry points to ../../build/publisher_package/publisher_package.egg-info/entry_points.txt
[1.402s] writing requirements to ../../build/publisher_package/publisher_package.egg-info/requires.txt
[1.403s] writing top-level names to ../../build/publisher_package/publisher_package.egg-info/top_level.txt
[1.404s] reading manifest file '../../build/publisher_package/publisher_package.egg-info/SOURCES.txt'
[1.404s] writing manifest file '../../build/publisher_package/publisher_package.egg-info/SOURCES.txt'
[1.404s] running build
[1.405s] running build_py
[1.405s] running install
[1.405s] running install_lib
[1.406s] creating /home/devin/Documents/Github-Projects/ROS2_Projects/ros2_ws/install/publisher_package/lib/python3.10/site-packages/publisher_package
[1.406s] copying /home/devin/Documents/Github-Projects/ROS2_Projects/ros2_ws/build/publisher_package/build/lib/publisher_package/__init__.py -> /home/devin/Documents/Github-Projects/ROS2_Projects/ros2_ws/install/publisher_package/lib/python3.10/site-packages/publisher_package
[1.406s] copying /home/devin/Documents/Github-Projects/ROS2_Projects/ros2_ws/build/publisher_package/build/lib/publisher_package/image_publisher.py -> /home/devin/Documents/Github-Projects/ROS2_Projects/ros2_ws/install/publisher_package/lib/python3.10/site-packages/publisher_package
[1.406s] copying /home/devin/Documents/Github-Projects/ROS2_Projects/ros2_ws/build/publisher_package/build/lib/publisher_package/image_subscriber.py -> /home/devin/Documents/Github-Projects/ROS2_Projects/ros2_ws/install/publisher_package/lib/python3.10/site-packages/publisher_package
[1.406s] byte-compiling /home/devin/Documents/Github-Projects/ROS2_Projects/ros2_ws/install/publisher_package/lib/python3.10/site-packages/publisher_package/__init__.py to __init__.cpython-310.pyc
[1.407s] byte-compiling /home/devin/Documents/Github-Projects/ROS2_Projects/ros2_ws/install/publisher_package/lib/python3.10/site-packages/publisher_package/image_publisher.py to image_publisher.cpython-310.pyc
[1.407s] byte-compiling /home/devin/Documents/Github-Projects/ROS2_Projects/ros2_ws/install/publisher_package/lib/python3.10/site-packages/publisher_package/image_subscriber.py to image_subscriber.cpython-310.pyc
[1.407s] running install_data
[1.407s] copying resource/publisher_package -> /home/devin/Documents/Github-Projects/ROS2_Projects/ros2_ws/install/publisher_package/share/ament_index/resource_index/packages
[1.408s] copying package.xml -> /home/devin/Documents/Github-Projects/ROS2_Projects/ros2_ws/install/publisher_package/share/publisher_package
[1.408s] running install_egg_info
[1.410s] Copying ../../build/publisher_package/publisher_package.egg-info to /home/devin/Documents/Github-Projects/ROS2_Projects/ros2_ws/install/publisher_package/lib/python3.10/site-packages/publisher_package-0.0.0-py3.10.egg-info
[1.410s] running install_scripts
[1.427s] Installing image_publisher script to /home/devin/Documents/Github-Projects/ROS2_Projects/ros2_ws/install/publisher_package/lib/publisher_package
[1.427s] Installing image_subscriber script to /home/devin/Documents/Github-Projects/ROS2_Projects/ros2_ws/install/publisher_package/lib/publisher_package
[1.428s] writing list of installed files to '/home/devin/Documents/Github-Projects/ROS2_Projects/ros2_ws/build/publisher_package/install.log'
[1.472s] Invoked command in '/home/devin/Documents/Github-Projects/ROS2_Projects/ros2_ws/src/publisher_package' returned '0': PYTHONPATH=/home/devin/Documents/Github-Projects/ROS2_Projects/ros2_ws/build/publisher_package/prefix_override:/usr/lib/python3/dist-packages/colcon_core/task/python/colcon_distutils_commands:/home/devin/Documents/Github-Projects/ROS2_Projects/ros2_ws/install/publisher_package/lib/python3.10/site-packages:${PYTHONPATH} /usr/bin/python3 -W ignore:setup.py install is deprecated setup.py egg_info --egg-base ../../build/publisher_package build --build-base /home/devin/Documents/Github-Projects/ROS2_Projects/ros2_ws/build/publisher_package/build install --record /home/devin/Documents/Github-Projects/ROS2_Projects/ros2_ws/build/publisher_package/install.log --single-version-externally-managed install_data --force
