[0.375s] Invoking command in '/home/devin/Documents/Github-Projects/ROS2_Projects/ros2_ws/src/turtle_sim_navigation': PYTHONPATH=/home/devin/Documents/Github-Projects/ROS2_Projects/ros2_ws/build/turtle_sim_navigation/prefix_override:/usr/lib/python3/dist-packages/colcon_core/task/python/colcon_distutils_commands:/home/devin/Documents/Github-Projects/ROS2_Projects/ros2_ws/install/turtle_sim_navigation/lib/python3.10/site-packages:${PYTHONPATH} /usr/bin/python3 -W ignore:setup.py install is deprecated setup.py egg_info --egg-base ../../build/turtle_sim_navigation build --build-base /home/devin/Documents/Github-Projects/ROS2_Projects/ros2_ws/build/turtle_sim_navigation/build install --record /home/devin/Documents/Github-Projects/ROS2_Projects/ros2_ws/build/turtle_sim_navigation/install.log --single-version-externally-managed install_data
[0.519s] running egg_info
[0.519s] writing ../../build/turtle_sim_navigation/turtle_sim_navigation.egg-info/PKG-INFO
[0.519s] writing dependency_links to ../../build/turtle_sim_navigation/turtle_sim_navigation.egg-info/dependency_links.txt
[0.520s] writing entry points to ../../build/turtle_sim_navigation/turtle_sim_navigation.egg-info/entry_points.txt
[0.520s] writing requirements to ../../build/turtle_sim_navigation/turtle_sim_navigation.egg-info/requires.txt
[0.520s] writing top-level names to ../../build/turtle_sim_navigation/turtle_sim_navigation.egg-info/top_level.txt
[0.521s] reading manifest file '../../build/turtle_sim_navigation/turtle_sim_navigation.egg-info/SOURCES.txt'
[0.521s] writing manifest file '../../build/turtle_sim_navigation/turtle_sim_navigation.egg-info/SOURCES.txt'
[0.521s] running build
[0.521s] running build_py
[0.521s] copying turtle_sim_navigation/turtle_obstacle_avoidance.py -> /home/devin/Documents/Github-Projects/ROS2_Projects/ros2_ws/build/turtle_sim_navigation/build/lib/turtle_sim_navigation
[0.522s] running install
[0.522s] running install_lib
[0.522s] copying /home/devin/Documents/Github-Projects/ROS2_Projects/ros2_ws/build/turtle_sim_navigation/build/lib/turtle_sim_navigation/turtle_obstacle_avoidance.py -> /home/devin/Documents/Github-Projects/ROS2_Projects/ros2_ws/install/turtle_sim_navigation/lib/python3.10/site-packages/turtle_sim_navigation
[0.523s] byte-compiling /home/devin/Documents/Github-Projects/ROS2_Projects/ros2_ws/install/turtle_sim_navigation/lib/python3.10/site-packages/turtle_sim_navigation/turtle_obstacle_avoidance.py to turtle_obstacle_avoidance.cpython-310.pyc
[0.524s] running install_data
[0.524s] running install_egg_info
[0.525s] removing '/home/devin/Documents/Github-Projects/ROS2_Projects/ros2_ws/install/turtle_sim_navigation/lib/python3.10/site-packages/turtle_sim_navigation-0.0.0-py3.10.egg-info' (and everything under it)
[0.525s] Copying ../../build/turtle_sim_navigation/turtle_sim_navigation.egg-info to /home/devin/Documents/Github-Projects/ROS2_Projects/ros2_ws/install/turtle_sim_navigation/lib/python3.10/site-packages/turtle_sim_navigation-0.0.0-py3.10.egg-info
[0.526s] running install_scripts
[0.540s] Installing avoid_obs script to /home/devin/Documents/Github-Projects/ROS2_Projects/ros2_ws/install/turtle_sim_navigation/lib/turtle_sim_navigation
[0.540s] Installing square script to /home/devin/Documents/Github-Projects/ROS2_Projects/ros2_ws/install/turtle_sim_navigation/lib/turtle_sim_navigation
[0.541s] Installing triangle script to /home/devin/Documents/Github-Projects/ROS2_Projects/ros2_ws/install/turtle_sim_navigation/lib/turtle_sim_navigation
[0.541s] Installing turtle_client script to /home/devin/Documents/Github-Projects/ROS2_Projects/ros2_ws/install/turtle_sim_navigation/lib/turtle_sim_navigation
[0.541s] Installing turtle_service script to /home/devin/Documents/Github-Projects/ROS2_Projects/ros2_ws/install/turtle_sim_navigation/lib/turtle_sim_navigation
[0.541s] writing list of installed files to '/home/devin/Documents/Github-Projects/ROS2_Projects/ros2_ws/build/turtle_sim_navigation/install.log'
[0.568s] Invoked command in '/home/devin/Documents/Github-Projects/ROS2_Projects/ros2_ws/src/turtle_sim_navigation' returned '0': PYTHONPATH=/home/devin/Documents/Github-Projects/ROS2_Projects/ros2_ws/build/turtle_sim_navigation/prefix_override:/usr/lib/python3/dist-packages/colcon_core/task/python/colcon_distutils_commands:/home/devin/Documents/Github-Projects/ROS2_Projects/ros2_ws/install/turtle_sim_navigation/lib/python3.10/site-packages:${PYTHONPATH} /usr/bin/python3 -W ignore:setup.py install is deprecated setup.py egg_info --egg-base ../../build/turtle_sim_navigation build --build-base /home/devin/Documents/Github-Projects/ROS2_Projects/ros2_ws/build/turtle_sim_navigation/build install --record /home/devin/Documents/Github-Projects/ROS2_Projects/ros2_ws/build/turtle_sim_navigation/install.log --single-version-externally-managed install_data
