[0.453s] Invoking command in '/home/devin/Documents/Github-Projects/ROS2_Projects/ros2_ws/src/publisher_package': PYTHONPATH=/home/devin/Documents/Github-Projects/ROS2_Projects/ros2_ws/build/publisher_package/prefix_override:/usr/lib/python3/dist-packages/colcon_core/task/python/colcon_distutils_commands:/home/devin/Documents/Github-Projects/ROS2_Projects/ros2_ws/install/publisher_package/lib/python3.10/site-packages:${PYTHONPATH} /usr/bin/python3 -W ignore:setup.py install is deprecated setup.py egg_info --egg-base ../../build/publisher_package build --build-base /home/devin/Documents/Github-Projects/ROS2_Projects/ros2_ws/build/publisher_package/build install --record /home/devin/Documents/Github-Projects/ROS2_Projects/ros2_ws/build/publisher_package/install.log --single-version-externally-managed install_data
[0.576s] running egg_info
[0.576s] writing ../../build/publisher_package/publisher_package.egg-info/PKG-INFO
[0.576s] writing dependency_links to ../../build/publisher_package/publisher_package.egg-info/dependency_links.txt
[0.577s] writing entry points to ../../build/publisher_package/publisher_package.egg-info/entry_points.txt
[0.577s] writing requirements to ../../build/publisher_package/publisher_package.egg-info/requires.txt
[0.577s] writing top-level names to ../../build/publisher_package/publisher_package.egg-info/top_level.txt
[0.577s] reading manifest file '../../build/publisher_package/publisher_package.egg-info/SOURCES.txt'
[0.577s] writing manifest file '../../build/publisher_package/publisher_package.egg-info/SOURCES.txt'
[0.578s] running build
[0.578s] running build_py
[0.578s] copying publisher_package/image_publisher.py -> /home/devin/Documents/Github-Projects/ROS2_Projects/ros2_ws/build/publisher_package/build/lib/publisher_package
[0.578s] copying publisher_package/image_subscriber.py -> /home/devin/Documents/Github-Projects/ROS2_Projects/ros2_ws/build/publisher_package/build/lib/publisher_package
[0.578s] running install
[0.578s] running install_lib
[0.578s] copying /home/devin/Documents/Github-Projects/ROS2_Projects/ros2_ws/build/publisher_package/build/lib/publisher_package/image_publisher.py -> /home/devin/Documents/Github-Projects/ROS2_Projects/ros2_ws/install/publisher_package/lib/python3.10/site-packages/publisher_package
[0.578s] copying /home/devin/Documents/Github-Projects/ROS2_Projects/ros2_ws/build/publisher_package/build/lib/publisher_package/image_subscriber.py -> /home/devin/Documents/Github-Projects/ROS2_Projects/ros2_ws/install/publisher_package/lib/python3.10/site-packages/publisher_package
[0.579s] byte-compiling /home/devin/Documents/Github-Projects/ROS2_Projects/ros2_ws/install/publisher_package/lib/python3.10/site-packages/publisher_package/image_publisher.py to image_publisher.cpython-310.pyc
[0.579s] byte-compiling /home/devin/Documents/Github-Projects/ROS2_Projects/ros2_ws/install/publisher_package/lib/python3.10/site-packages/publisher_package/image_subscriber.py to image_subscriber.cpython-310.pyc
[0.579s] running install_data
[0.579s] running install_egg_info
[0.580s] removing '/home/devin/Documents/Github-Projects/ROS2_Projects/ros2_ws/install/publisher_package/lib/python3.10/site-packages/publisher_package-0.0.0-py3.10.egg-info' (and everything under it)
[0.580s] Copying ../../build/publisher_package/publisher_package.egg-info to /home/devin/Documents/Github-Projects/ROS2_Projects/ros2_ws/install/publisher_package/lib/python3.10/site-packages/publisher_package-0.0.0-py3.10.egg-info
[0.581s] running install_scripts
[0.591s] Installing image_publisher script to /home/devin/Documents/Github-Projects/ROS2_Projects/ros2_ws/install/publisher_package/lib/publisher_package
[0.592s] Installing image_subscriber script to /home/devin/Documents/Github-Projects/ROS2_Projects/ros2_ws/install/publisher_package/lib/publisher_package
[0.592s] writing list of installed files to '/home/devin/Documents/Github-Projects/ROS2_Projects/ros2_ws/build/publisher_package/install.log'
[0.618s] Invoked command in '/home/devin/Documents/Github-Projects/ROS2_Projects/ros2_ws/src/publisher_package' returned '0': PYTHONPATH=/home/devin/Documents/Github-Projects/ROS2_Projects/ros2_ws/build/publisher_package/prefix_override:/usr/lib/python3/dist-packages/colcon_core/task/python/colcon_distutils_commands:/home/devin/Documents/Github-Projects/ROS2_Projects/ros2_ws/install/publisher_package/lib/python3.10/site-packages:${PYTHONPATH} /usr/bin/python3 -W ignore:setup.py install is deprecated setup.py egg_info --egg-base ../../build/publisher_package build --build-base /home/devin/Documents/Github-Projects/ROS2_Projects/ros2_ws/build/publisher_package/build install --record /home/devin/Documents/Github-Projects/ROS2_Projects/ros2_ws/build/publisher_package/install.log --single-version-externally-managed install_data
