running develop
Removing /home/devin/Documents/Github-Projects/ROS2_Projects/ros2_ws/install/simple_pub_sub/lib/python3.10/site-packages/simple-pub-sub.egg-link (link to .)
running egg_info
writing ../../build/simple_pub_sub/simple_pub_sub.egg-info/PKG-INFO
writing dependency_links to ../../build/simple_pub_sub/simple_pub_sub.egg-info/dependency_links.txt
writing entry points to ../../build/simple_pub_sub/simple_pub_sub.egg-info/entry_points.txt
writing requirements to ../../build/simple_pub_sub/simple_pub_sub.egg-info/requires.txt
writing top-level names to ../../build/simple_pub_sub/simple_pub_sub.egg-info/top_level.txt
reading manifest file '../../build/simple_pub_sub/simple_pub_sub.egg-info/SOURCES.txt'
writing manifest file '../../build/simple_pub_sub/simple_pub_sub.egg-info/SOURCES.txt'
running build
running build_py
running install
running install_lib
creating /home/devin/Documents/Github-Projects/ROS2_Projects/ros2_ws/install/simple_pub_sub/lib/python3.10/site-packages/simple_pub_sub
copying /home/devin/Documents/Github-Projects/ROS2_Projects/ros2_ws/build/simple_pub_sub/build/lib/simple_pub_sub/__init__.py -> /home/devin/Documents/Github-Projects/ROS2_Projects/ros2_ws/install/simple_pub_sub/lib/python3.10/site-packages/simple_pub_sub
copying /home/devin/Documents/Github-Projects/ROS2_Projects/ros2_ws/build/simple_pub_sub/build/lib/simple_pub_sub/sub.py -> /home/devin/Documents/Github-Projects/ROS2_Projects/ros2_ws/install/simple_pub_sub/lib/python3.10/site-packages/simple_pub_sub
copying /home/devin/Documents/Github-Projects/ROS2_Projects/ros2_ws/build/simple_pub_sub/build/lib/simple_pub_sub/pub.py -> /home/devin/Documents/Github-Projects/ROS2_Projects/ros2_ws/install/simple_pub_sub/lib/python3.10/site-packages/simple_pub_sub
byte-compiling /home/devin/Documents/Github-Projects/ROS2_Projects/ros2_ws/install/simple_pub_sub/lib/python3.10/site-packages/simple_pub_sub/__init__.py to __init__.cpython-310.pyc
byte-compiling /home/devin/Documents/Github-Projects/ROS2_Projects/ros2_ws/install/simple_pub_sub/lib/python3.10/site-packages/simple_pub_sub/sub.py to sub.cpython-310.pyc
byte-compiling /home/devin/Documents/Github-Projects/ROS2_Projects/ros2_ws/install/simple_pub_sub/lib/python3.10/site-packages/simple_pub_sub/pub.py to pub.cpython-310.pyc
running install_data
copying resource/simple_pub_sub -> /home/devin/Documents/Github-Projects/ROS2_Projects/ros2_ws/install/simple_pub_sub/share/ament_index/resource_index/packages
copying package.xml -> /home/devin/Documents/Github-Projects/ROS2_Projects/ros2_ws/install/simple_pub_sub/share/simple_pub_sub
running install_egg_info
Copying ../../build/simple_pub_sub/simple_pub_sub.egg-info to /home/devin/Documents/Github-Projects/ROS2_Projects/ros2_ws/install/simple_pub_sub/lib/python3.10/site-packages/simple_pub_sub-0.0.0-py3.10.egg-info
running install_scripts
Installing listener script to /home/devin/Documents/Github-Projects/ROS2_Projects/ros2_ws/install/simple_pub_sub/lib/simple_pub_sub
Installing talker script to /home/devin/Documents/Github-Projects/ROS2_Projects/ros2_ws/install/simple_pub_sub/lib/simple_pub_sub
writing list of installed files to '/home/devin/Documents/Github-Projects/ROS2_Projects/ros2_ws/build/simple_pub_sub/install.log'
