[0.941s] Invoking command in '/home/devin/Documents/Github-Projects/ROS2_Projects/ros2_ws/build/simple_pub_sub': PYTHONPATH=/home/devin/Documents/Github-Projects/ROS2_Projects/ros2_ws/build/simple_pub_sub/prefix_override:/usr/lib/python3/dist-packages/colcon_core/task/python/colcon_distutils_commands:/home/devin/Documents/Github-Projects/ROS2_Projects/ros2_ws/install/simple_pub_sub/lib/python3.10/site-packages:${PYTHONPATH} /usr/bin/python3 -W ignore:setup.py install is deprecated setup.py develop --uninstall --editable --build-directory /home/devin/Documents/Github-Projects/ROS2_Projects/ros2_ws/build/simple_pub_sub/build
[1.096s] running develop
[1.180s] Removing /home/devin/Documents/Github-Projects/ROS2_Projects/ros2_ws/install/simple_pub_sub/lib/python3.10/site-packages/simple-pub-sub.egg-link (link to .)
[1.231s] Invoked command in '/home/devin/Documents/Github-Projects/ROS2_Projects/ros2_ws/build/simple_pub_sub' returned '0': PYTHONPATH=/home/devin/Documents/Github-Projects/ROS2_Projects/ros2_ws/build/simple_pub_sub/prefix_override:/usr/lib/python3/dist-packages/colcon_core/task/python/colcon_distutils_commands:/home/devin/Documents/Github-Projects/ROS2_Projects/ros2_ws/install/simple_pub_sub/lib/python3.10/site-packages:${PYTHONPATH} /usr/bin/python3 -W ignore:setup.py install is deprecated setup.py develop --uninstall --editable --build-directory /home/devin/Documents/Github-Projects/ROS2_Projects/ros2_ws/build/simple_pub_sub/build
[1.232s] Invoking command in '/home/devin/Documents/Github-Projects/ROS2_Projects/ros2_ws/src/simple_pub_sub': PYTHONPATH=/home/devin/Documents/Github-Projects/ROS2_Projects/ros2_ws/build/simple_pub_sub/prefix_override:/usr/lib/python3/dist-packages/colcon_core/task/python/colcon_distutils_commands:/home/devin/Documents/Github-Projects/ROS2_Projects/ros2_ws/install/simple_pub_sub/lib/python3.10/site-packages:${PYTHONPATH} /usr/bin/python3 -W ignore:setup.py install is deprecated setup.py egg_info --egg-base ../../build/simple_pub_sub build --build-base /home/devin/Documents/Github-Projects/ROS2_Projects/ros2_ws/build/simple_pub_sub/build install --record /home/devin/Documents/Github-Projects/ROS2_Projects/ros2_ws/build/simple_pub_sub/install.log --single-version-externally-managed install_data --force
[1.371s] running egg_info
[1.371s] writing ../../build/simple_pub_sub/simple_pub_sub.egg-info/PKG-INFO
[1.371s] writing dependency_links to ../../build/simple_pub_sub/simple_pub_sub.egg-info/dependency_links.txt
[1.372s] writing entry points to ../../build/simple_pub_sub/simple_pub_sub.egg-info/entry_points.txt
[1.372s] writing requirements to ../../build/simple_pub_sub/simple_pub_sub.egg-info/requires.txt
[1.372s] writing top-level names to ../../build/simple_pub_sub/simple_pub_sub.egg-info/top_level.txt
[1.373s] reading manifest file '../../build/simple_pub_sub/simple_pub_sub.egg-info/SOURCES.txt'
[1.381s] writing manifest file '../../build/simple_pub_sub/simple_pub_sub.egg-info/SOURCES.txt'
[1.381s] running build
[1.381s] running build_py
[1.381s] running install
[1.382s] running install_lib
[1.382s] creating /home/devin/Documents/Github-Projects/ROS2_Projects/ros2_ws/install/simple_pub_sub/lib/python3.10/site-packages/simple_pub_sub
[1.382s] copying /home/devin/Documents/Github-Projects/ROS2_Projects/ros2_ws/build/simple_pub_sub/build/lib/simple_pub_sub/__init__.py -> /home/devin/Documents/Github-Projects/ROS2_Projects/ros2_ws/install/simple_pub_sub/lib/python3.10/site-packages/simple_pub_sub
[1.382s] copying /home/devin/Documents/Github-Projects/ROS2_Projects/ros2_ws/build/simple_pub_sub/build/lib/simple_pub_sub/sub.py -> /home/devin/Documents/Github-Projects/ROS2_Projects/ros2_ws/install/simple_pub_sub/lib/python3.10/site-packages/simple_pub_sub
[1.382s] copying /home/devin/Documents/Github-Projects/ROS2_Projects/ros2_ws/build/simple_pub_sub/build/lib/simple_pub_sub/pub.py -> /home/devin/Documents/Github-Projects/ROS2_Projects/ros2_ws/install/simple_pub_sub/lib/python3.10/site-packages/simple_pub_sub
[1.383s] byte-compiling /home/devin/Documents/Github-Projects/ROS2_Projects/ros2_ws/install/simple_pub_sub/lib/python3.10/site-packages/simple_pub_sub/__init__.py to __init__.cpython-310.pyc
[1.383s] byte-compiling /home/devin/Documents/Github-Projects/ROS2_Projects/ros2_ws/install/simple_pub_sub/lib/python3.10/site-packages/simple_pub_sub/sub.py to sub.cpython-310.pyc
[1.383s] byte-compiling /home/devin/Documents/Github-Projects/ROS2_Projects/ros2_ws/install/simple_pub_sub/lib/python3.10/site-packages/simple_pub_sub/pub.py to pub.cpython-310.pyc
[1.383s] running install_data
[1.383s] copying resource/simple_pub_sub -> /home/devin/Documents/Github-Projects/ROS2_Projects/ros2_ws/install/simple_pub_sub/share/ament_index/resource_index/packages
[1.383s] copying package.xml -> /home/devin/Documents/Github-Projects/ROS2_Projects/ros2_ws/install/simple_pub_sub/share/simple_pub_sub
[1.384s] running install_egg_info
[1.385s] Copying ../../build/simple_pub_sub/simple_pub_sub.egg-info to /home/devin/Documents/Github-Projects/ROS2_Projects/ros2_ws/install/simple_pub_sub/lib/python3.10/site-packages/simple_pub_sub-0.0.0-py3.10.egg-info
[1.385s] running install_scripts
[1.399s] Installing listener script to /home/devin/Documents/Github-Projects/ROS2_Projects/ros2_ws/install/simple_pub_sub/lib/simple_pub_sub
[1.399s] Installing talker script to /home/devin/Documents/Github-Projects/ROS2_Projects/ros2_ws/install/simple_pub_sub/lib/simple_pub_sub
[1.399s] writing list of installed files to '/home/devin/Documents/Github-Projects/ROS2_Projects/ros2_ws/build/simple_pub_sub/install.log'
[1.445s] Invoked command in '/home/devin/Documents/Github-Projects/ROS2_Projects/ros2_ws/src/simple_pub_sub' returned '0': PYTHONPATH=/home/devin/Documents/Github-Projects/ROS2_Projects/ros2_ws/build/simple_pub_sub/prefix_override:/usr/lib/python3/dist-packages/colcon_core/task/python/colcon_distutils_commands:/home/devin/Documents/Github-Projects/ROS2_Projects/ros2_ws/install/simple_pub_sub/lib/python3.10/site-packages:${PYTHONPATH} /usr/bin/python3 -W ignore:setup.py install is deprecated setup.py egg_info --egg-base ../../build/simple_pub_sub build --build-base /home/devin/Documents/Github-Projects/ROS2_Projects/ros2_ws/build/simple_pub_sub/build install --record /home/devin/Documents/Github-Projects/ROS2_Projects/ros2_ws/build/simple_pub_sub/install.log --single-version-externally-managed install_data --force
