[0.327s] Invoking command in '/home/devin/Documents/Github-Projects/ros2_ws/build/my_robot_controller': PYTHONPATH=/home/devin/Documents/Github-Projects/ros2_ws/build/my_robot_controller/prefix_override:/usr/lib/python3/dist-packages/colcon_core/task/python/colcon_distutils_commands:/home/devin/Documents/Github-Projects/ros2_ws/install/my_robot_controller/lib/python3.10/site-packages:${PYTHONPATH} /usr/bin/python3 -W ignore:setup.py install is deprecated setup.py develop --editable --build-directory /home/devin/Documents/Github-Projects/ros2_ws/build/my_robot_controller/build --no-deps symlink_data --force
[0.473s] running develop
[0.474s] /usr/lib/python3/dist-packages/setuptools/command/easy_install.py:158: EasyInstallDeprecationWarning: easy_install command is deprecated. Use build and pip and other standards-based tools.
[0.474s]   warnings.warn(
[0.541s] running egg_info
[0.541s] writing my_robot_controller.egg-info/PKG-INFO
[0.541s] writing dependency_links to my_robot_controller.egg-info/dependency_links.txt
[0.541s] writing entry points to my_robot_controller.egg-info/entry_points.txt
[0.541s] writing requirements to my_robot_controller.egg-info/requires.txt
[0.541s] writing top-level names to my_robot_controller.egg-info/top_level.txt
[0.542s] reading manifest file 'my_robot_controller.egg-info/SOURCES.txt'
[0.543s] writing manifest file 'my_robot_controller.egg-info/SOURCES.txt'
[0.544s] running build_ext
[0.544s] Creating /home/devin/Documents/Github-Projects/ros2_ws/install/my_robot_controller/lib/python3.10/site-packages/my-robot-controller.egg-link (link to .)
[0.544s] Installing test_node script to /home/devin/Documents/Github-Projects/ros2_ws/install/my_robot_controller/lib/my_robot_controller
[0.545s] 
[0.545s] Installed /home/devin/Documents/Github-Projects/ros2_ws/build/my_robot_controller
[0.545s] running symlink_data
[0.545s] symbolically linking /home/devin/Documents/Github-Projects/ros2_ws/build/my_robot_controller/resource/my_robot_controller -> /home/devin/Documents/Github-Projects/ros2_ws/install/my_robot_controller/share/ament_index/resource_index/packages
[0.545s] symbolically linking /home/devin/Documents/Github-Projects/ros2_ws/build/my_robot_controller/package.xml -> /home/devin/Documents/Github-Projects/ros2_ws/install/my_robot_controller/share/my_robot_controller
[0.574s] Invoked command in '/home/devin/Documents/Github-Projects/ros2_ws/build/my_robot_controller' returned '0': PYTHONPATH=/home/devin/Documents/Github-Projects/ros2_ws/build/my_robot_controller/prefix_override:/usr/lib/python3/dist-packages/colcon_core/task/python/colcon_distutils_commands:/home/devin/Documents/Github-Projects/ros2_ws/install/my_robot_controller/lib/python3.10/site-packages:${PYTHONPATH} /usr/bin/python3 -W ignore:setup.py install is deprecated setup.py develop --editable --build-directory /home/devin/Documents/Github-Projects/ros2_ws/build/my_robot_controller/build --no-deps symlink_data --force
