[0.057s] DEBUG:colcon:Command line arguments: ['/usr/bin/colcon', 'build']
[0.057s] DEBUG:colcon:Parsed command line arguments: Namespace(log_base=None, log_level=None, verb_name='build', build_base='build', install_base='install', merge_install=False, symlink_install=False, test_result_base=None, continue_on_error=False, executor='parallel', parallel_workers=16, event_handlers=None, ignore_user_meta=False, metas=['./colcon.meta'], base_paths=['.'], packages_ignore=None, packages_ignore_regex=None, paths=None, packages_up_to=None, packages_up_to_regex=None, packages_above=None, packages_above_and_dependencies=None, packages_above_depth=None, packages_select_by_dep=None, packages_skip_by_dep=None, packages_skip_up_to=None, packages_select_build_failed=False, packages_skip_build_finished=False, packages_select_test_failures=False, packages_skip_test_passed=False, packages_select=None, packages_skip=None, packages_select_regex=None, packages_skip_regex=None, packages_start=None, packages_end=None, allow_overriding=[], cmake_args=None, cmake_target=None, cmake_target_skip_unavailable=False, cmake_clean_cache=False, cmake_clean_first=False, cmake_force_configure=False, ament_cmake_args=None, catkin_cmake_args=None, catkin_skip_building_tests=False, verb_parser=<colcon_defaults.argument_parser.defaults.DefaultArgumentsDecorator object at 0x7fc17a303ee0>, verb_extension=<colcon_core.verb.build.BuildVerb object at 0x7fc17a3039d0>, main=<bound method BuildVerb.main of <colcon_core.verb.build.BuildVerb object at 0x7fc17a3039d0>>)
[0.135s] Level 1:colcon.colcon_core.package_discovery:discover_packages(colcon_meta) check parameters
[0.135s] Level 1:colcon.colcon_core.package_discovery:discover_packages(recursive) check parameters
[0.135s] Level 1:colcon.colcon_core.package_discovery:discover_packages(ignore) check parameters
[0.135s] Level 1:colcon.colcon_core.package_discovery:discover_packages(path) check parameters
[0.135s] Level 1:colcon.colcon_core.package_discovery:discover_packages(colcon_meta) discover
[0.135s] Level 1:colcon.colcon_core.package_discovery:discover_packages(recursive) discover
[0.135s] INFO:colcon.colcon_core.package_discovery:Crawling recursively for packages in '/home/devin/Documents/Github-Projects/ROS2_Projects/ros2_ws'
[0.135s] Level 1:colcon.colcon_core.package_identification:_identify(.) by extensions ['ignore', 'ignore_ament_install']
[0.135s] Level 1:colcon.colcon_core.package_identification:_identify(.) by extension 'ignore'
[0.135s] Level 1:colcon.colcon_core.package_identification:_identify(.) by extension 'ignore_ament_install'
[0.135s] Level 1:colcon.colcon_core.package_identification:_identify(.) by extensions ['colcon_pkg']
[0.135s] Level 1:colcon.colcon_core.package_identification:_identify(.) by extension 'colcon_pkg'
[0.135s] Level 1:colcon.colcon_core.package_identification:_identify(.) by extensions ['colcon_meta']
[0.135s] Level 1:colcon.colcon_core.package_identification:_identify(.) by extension 'colcon_meta'
[0.135s] Level 1:colcon.colcon_core.package_identification:_identify(.) by extensions ['ros']
[0.135s] Level 1:colcon.colcon_core.package_identification:_identify(.) by extension 'ros'
[0.142s] Level 1:colcon.colcon_core.package_identification:_identify(.) by extensions ['cmake', 'python']
[0.142s] Level 1:colcon.colcon_core.package_identification:_identify(.) by extension 'cmake'
[0.142s] Level 1:colcon.colcon_core.package_identification:_identify(.) by extension 'python'
[0.142s] Level 1:colcon.colcon_core.package_identification:_identify(.) by extensions ['python_setup_py']
[0.142s] Level 1:colcon.colcon_core.package_identification:_identify(.) by extension 'python_setup_py'
[0.142s] Level 1:colcon.colcon_core.package_identification:_identify(build) by extensions ['ignore', 'ignore_ament_install']
[0.143s] Level 1:colcon.colcon_core.package_identification:_identify(build) by extension 'ignore'
[0.143s] Level 1:colcon.colcon_core.package_identification:_identify(build) ignored
[0.143s] Level 1:colcon.colcon_core.package_identification:_identify(install) by extensions ['ignore', 'ignore_ament_install']
[0.143s] Level 1:colcon.colcon_core.package_identification:_identify(install) by extension 'ignore'
[0.143s] Level 1:colcon.colcon_core.package_identification:_identify(install) ignored
[0.143s] Level 1:colcon.colcon_core.package_identification:_identify(log) by extensions ['ignore', 'ignore_ament_install']
[0.143s] Level 1:colcon.colcon_core.package_identification:_identify(log) by extension 'ignore'
[0.143s] Level 1:colcon.colcon_core.package_identification:_identify(log) ignored
[0.143s] Level 1:colcon.colcon_core.package_identification:_identify(src) by extensions ['ignore', 'ignore_ament_install']
[0.143s] Level 1:colcon.colcon_core.package_identification:_identify(src) by extension 'ignore'
[0.143s] Level 1:colcon.colcon_core.package_identification:_identify(src) by extension 'ignore_ament_install'
[0.143s] Level 1:colcon.colcon_core.package_identification:_identify(src) by extensions ['colcon_pkg']
[0.143s] Level 1:colcon.colcon_core.package_identification:_identify(src) by extension 'colcon_pkg'
[0.143s] Level 1:colcon.colcon_core.package_identification:_identify(src) by extensions ['colcon_meta']
[0.143s] Level 1:colcon.colcon_core.package_identification:_identify(src) by extension 'colcon_meta'
[0.143s] Level 1:colcon.colcon_core.package_identification:_identify(src) by extensions ['ros']
[0.143s] Level 1:colcon.colcon_core.package_identification:_identify(src) by extension 'ros'
[0.143s] Level 1:colcon.colcon_core.package_identification:_identify(src) by extensions ['cmake', 'python']
[0.143s] Level 1:colcon.colcon_core.package_identification:_identify(src) by extension 'cmake'
[0.143s] Level 1:colcon.colcon_core.package_identification:_identify(src) by extension 'python'
[0.143s] Level 1:colcon.colcon_core.package_identification:_identify(src) by extensions ['python_setup_py']
[0.143s] Level 1:colcon.colcon_core.package_identification:_identify(src) by extension 'python_setup_py'
[0.143s] Level 1:colcon.colcon_core.package_identification:_identify(src/my_robot_controller) by extensions ['ignore', 'ignore_ament_install']
[0.143s] Level 1:colcon.colcon_core.package_identification:_identify(src/my_robot_controller) by extension 'ignore'
[0.143s] Level 1:colcon.colcon_core.package_identification:_identify(src/my_robot_controller) by extension 'ignore_ament_install'
[0.143s] Level 1:colcon.colcon_core.package_identification:_identify(src/my_robot_controller) by extensions ['colcon_pkg']
[0.143s] Level 1:colcon.colcon_core.package_identification:_identify(src/my_robot_controller) by extension 'colcon_pkg'
[0.143s] Level 1:colcon.colcon_core.package_identification:_identify(src/my_robot_controller) by extensions ['colcon_meta']
[0.143s] Level 1:colcon.colcon_core.package_identification:_identify(src/my_robot_controller) by extension 'colcon_meta'
[0.143s] Level 1:colcon.colcon_core.package_identification:_identify(src/my_robot_controller) by extensions ['ros']
[0.143s] Level 1:colcon.colcon_core.package_identification:_identify(src/my_robot_controller) by extension 'ros'
[0.145s] DEBUG:colcon.colcon_core.package_identification:Package 'src/my_robot_controller' with type 'ros.ament_python' and name 'my_robot_controller'
[0.145s] Level 1:colcon.colcon_core.package_identification:_identify(src/publisher_package) by extensions ['ignore', 'ignore_ament_install']
[0.145s] Level 1:colcon.colcon_core.package_identification:_identify(src/publisher_package) by extension 'ignore'
[0.145s] Level 1:colcon.colcon_core.package_identification:_identify(src/publisher_package) by extension 'ignore_ament_install'
[0.145s] Level 1:colcon.colcon_core.package_identification:_identify(src/publisher_package) by extensions ['colcon_pkg']
[0.145s] Level 1:colcon.colcon_core.package_identification:_identify(src/publisher_package) by extension 'colcon_pkg'
[0.145s] Level 1:colcon.colcon_core.package_identification:_identify(src/publisher_package) by extensions ['colcon_meta']
[0.145s] Level 1:colcon.colcon_core.package_identification:_identify(src/publisher_package) by extension 'colcon_meta'
[0.145s] Level 1:colcon.colcon_core.package_identification:_identify(src/publisher_package) by extensions ['ros']
[0.145s] Level 1:colcon.colcon_core.package_identification:_identify(src/publisher_package) by extension 'ros'
[0.145s] DEBUG:colcon.colcon_core.package_identification:Package 'src/publisher_package' with type 'ros.ament_python' and name 'publisher_package'
[0.145s] Level 1:colcon.colcon_core.package_identification:_identify(src/simple_pub_sub) by extensions ['ignore', 'ignore_ament_install']
[0.145s] Level 1:colcon.colcon_core.package_identification:_identify(src/simple_pub_sub) by extension 'ignore'
[0.145s] Level 1:colcon.colcon_core.package_identification:_identify(src/simple_pub_sub) by extension 'ignore_ament_install'
[0.145s] Level 1:colcon.colcon_core.package_identification:_identify(src/simple_pub_sub) by extensions ['colcon_pkg']
[0.145s] Level 1:colcon.colcon_core.package_identification:_identify(src/simple_pub_sub) by extension 'colcon_pkg'
[0.145s] Level 1:colcon.colcon_core.package_identification:_identify(src/simple_pub_sub) by extensions ['colcon_meta']
[0.145s] Level 1:colcon.colcon_core.package_identification:_identify(src/simple_pub_sub) by extension 'colcon_meta'
[0.145s] Level 1:colcon.colcon_core.package_identification:_identify(src/simple_pub_sub) by extensions ['ros']
[0.145s] Level 1:colcon.colcon_core.package_identification:_identify(src/simple_pub_sub) by extension 'ros'
[0.146s] DEBUG:colcon.colcon_core.package_identification:Package 'src/simple_pub_sub' with type 'ros.ament_python' and name 'simple_pub_sub'
[0.146s] Level 1:colcon.colcon_core.package_identification:_identify(src/turtle_sim_navigation) by extensions ['ignore', 'ignore_ament_install']
[0.146s] Level 1:colcon.colcon_core.package_identification:_identify(src/turtle_sim_navigation) by extension 'ignore'
[0.146s] Level 1:colcon.colcon_core.package_identification:_identify(src/turtle_sim_navigation) by extension 'ignore_ament_install'
[0.146s] Level 1:colcon.colcon_core.package_identification:_identify(src/turtle_sim_navigation) by extensions ['colcon_pkg']
[0.146s] Level 1:colcon.colcon_core.package_identification:_identify(src/turtle_sim_navigation) by extension 'colcon_pkg'
[0.146s] Level 1:colcon.colcon_core.package_identification:_identify(src/turtle_sim_navigation) by extensions ['colcon_meta']
[0.146s] Level 1:colcon.colcon_core.package_identification:_identify(src/turtle_sim_navigation) by extension 'colcon_meta'
[0.146s] Level 1:colcon.colcon_core.package_identification:_identify(src/turtle_sim_navigation) by extensions ['ros']
[0.146s] Level 1:colcon.colcon_core.package_identification:_identify(src/turtle_sim_navigation) by extension 'ros'
[0.146s] DEBUG:colcon.colcon_core.package_identification:Package 'src/turtle_sim_navigation' with type 'ros.ament_python' and name 'turtle_sim_navigation'
[0.146s] Level 1:colcon.colcon_core.package_discovery:discover_packages(recursive) using defaults
[0.146s] Level 1:colcon.colcon_core.package_discovery:discover_packages(ignore) discover
[0.146s] Level 1:colcon.colcon_core.package_discovery:discover_packages(ignore) using defaults
[0.146s] Level 1:colcon.colcon_core.package_discovery:discover_packages(path) discover
[0.146s] Level 1:colcon.colcon_core.package_discovery:discover_packages(path) using defaults
[0.159s] Level 1:colcon.colcon_core.package_discovery:discover_packages(prefix_path) check parameters
[0.159s] Level 1:colcon.colcon_core.package_discovery:discover_packages(prefix_path) discover
[0.160s] DEBUG:colcon.colcon_installed_package_information.package_discovery:Found 4 installed packages in /home/devin/Documents/Github-Projects/ROS2_Projects/ros2_ws/install
[0.160s] DEBUG:colcon.colcon_installed_package_information.package_discovery:Found 270 installed packages in /opt/ros/humble
[0.161s] Level 1:colcon.colcon_core.package_discovery:discover_packages(prefix_path) using defaults
[0.179s] Level 5:colcon.colcon_core.verb:set package 'my_robot_controller' build argument 'cmake_args' from command line to 'None'
[0.179s] Level 5:colcon.colcon_core.verb:set package 'my_robot_controller' build argument 'cmake_target' from command line to 'None'
[0.179s] Level 5:colcon.colcon_core.verb:set package 'my_robot_controller' build argument 'cmake_target_skip_unavailable' from command line to 'False'
[0.179s] Level 5:colcon.colcon_core.verb:set package 'my_robot_controller' build argument 'cmake_clean_cache' from command line to 'False'
[0.179s] Level 5:colcon.colcon_core.verb:set package 'my_robot_controller' build argument 'cmake_clean_first' from command line to 'False'
[0.180s] Level 5:colcon.colcon_core.verb:set package 'my_robot_controller' build argument 'cmake_force_configure' from command line to 'False'
[0.180s] Level 5:colcon.colcon_core.verb:set package 'my_robot_controller' build argument 'ament_cmake_args' from command line to 'None'
[0.180s] Level 5:colcon.colcon_core.verb:set package 'my_robot_controller' build argument 'catkin_cmake_args' from command line to 'None'
[0.180s] Level 5:colcon.colcon_core.verb:set package 'my_robot_controller' build argument 'catkin_skip_building_tests' from command line to 'False'
[0.180s] DEBUG:colcon.colcon_core.verb:Building package 'my_robot_controller' with the following arguments: {'ament_cmake_args': None, 'build_base': '/home/devin/Documents/Github-Projects/ROS2_Projects/ros2_ws/build/my_robot_controller', 'catkin_cmake_args': None, 'catkin_skip_building_tests': False, 'cmake_args': None, 'cmake_clean_cache': False, 'cmake_clean_first': False, 'cmake_force_configure': False, 'cmake_target': None, 'cmake_target_skip_unavailable': False, 'install_base': '/home/devin/Documents/Github-Projects/ROS2_Projects/ros2_ws/install/my_robot_controller', 'merge_install': False, 'path': '/home/devin/Documents/Github-Projects/ROS2_Projects/ros2_ws/src/my_robot_controller', 'symlink_install': False, 'test_result_base': None}
[0.180s] Level 5:colcon.colcon_core.verb:set package 'publisher_package' build argument 'cmake_args' from command line to 'None'
[0.180s] Level 5:colcon.colcon_core.verb:set package 'publisher_package' build argument 'cmake_target' from command line to 'None'
[0.180s] Level 5:colcon.colcon_core.verb:set package 'publisher_package' build argument 'cmake_target_skip_unavailable' from command line to 'False'
[0.180s] Level 5:colcon.colcon_core.verb:set package 'publisher_package' build argument 'cmake_clean_cache' from command line to 'False'
[0.180s] Level 5:colcon.colcon_core.verb:set package 'publisher_package' build argument 'cmake_clean_first' from command line to 'False'
[0.180s] Level 5:colcon.colcon_core.verb:set package 'publisher_package' build argument 'cmake_force_configure' from command line to 'False'
[0.180s] Level 5:colcon.colcon_core.verb:set package 'publisher_package' build argument 'ament_cmake_args' from command line to 'None'
[0.180s] Level 5:colcon.colcon_core.verb:set package 'publisher_package' build argument 'catkin_cmake_args' from command line to 'None'
[0.180s] Level 5:colcon.colcon_core.verb:set package 'publisher_package' build argument 'catkin_skip_building_tests' from command line to 'False'
[0.180s] DEBUG:colcon.colcon_core.verb:Building package 'publisher_package' with the following arguments: {'ament_cmake_args': None, 'build_base': '/home/devin/Documents/Github-Projects/ROS2_Projects/ros2_ws/build/publisher_package', 'catkin_cmake_args': None, 'catkin_skip_building_tests': False, 'cmake_args': None, 'cmake_clean_cache': False, 'cmake_clean_first': False, 'cmake_force_configure': False, 'cmake_target': None, 'cmake_target_skip_unavailable': False, 'install_base': '/home/devin/Documents/Github-Projects/ROS2_Projects/ros2_ws/install/publisher_package', 'merge_install': False, 'path': '/home/devin/Documents/Github-Projects/ROS2_Projects/ros2_ws/src/publisher_package', 'symlink_install': False, 'test_result_base': None}
[0.180s] Level 5:colcon.colcon_core.verb:set package 'simple_pub_sub' build argument 'cmake_args' from command line to 'None'
[0.180s] Level 5:colcon.colcon_core.verb:set package 'simple_pub_sub' build argument 'cmake_target' from command line to 'None'
[0.180s] Level 5:colcon.colcon_core.verb:set package 'simple_pub_sub' build argument 'cmake_target_skip_unavailable' from command line to 'False'
[0.180s] Level 5:colcon.colcon_core.verb:set package 'simple_pub_sub' build argument 'cmake_clean_cache' from command line to 'False'
[0.180s] Level 5:colcon.colcon_core.verb:set package 'simple_pub_sub' build argument 'cmake_clean_first' from command line to 'False'
[0.180s] Level 5:colcon.colcon_core.verb:set package 'simple_pub_sub' build argument 'cmake_force_configure' from command line to 'False'
[0.180s] Level 5:colcon.colcon_core.verb:set package 'simple_pub_sub' build argument 'ament_cmake_args' from command line to 'None'
[0.180s] Level 5:colcon.colcon_core.verb:set package 'simple_pub_sub' build argument 'catkin_cmake_args' from command line to 'None'
[0.180s] Level 5:colcon.colcon_core.verb:set package 'simple_pub_sub' build argument 'catkin_skip_building_tests' from command line to 'False'
[0.180s] DEBUG:colcon.colcon_core.verb:Building package 'simple_pub_sub' with the following arguments: {'ament_cmake_args': None, 'build_base': '/home/devin/Documents/Github-Projects/ROS2_Projects/ros2_ws/build/simple_pub_sub', 'catkin_cmake_args': None, 'catkin_skip_building_tests': False, 'cmake_args': None, 'cmake_clean_cache': False, 'cmake_clean_first': False, 'cmake_force_configure': False, 'cmake_target': None, 'cmake_target_skip_unavailable': False, 'install_base': '/home/devin/Documents/Github-Projects/ROS2_Projects/ros2_ws/install/simple_pub_sub', 'merge_install': False, 'path': '/home/devin/Documents/Github-Projects/ROS2_Projects/ros2_ws/src/simple_pub_sub', 'symlink_install': False, 'test_result_base': None}
[0.180s] Level 5:colcon.colcon_core.verb:set package 'turtle_sim_navigation' build argument 'cmake_args' from command line to 'None'
[0.180s] Level 5:colcon.colcon_core.verb:set package 'turtle_sim_navigation' build argument 'cmake_target' from command line to 'None'
[0.180s] Level 5:colcon.colcon_core.verb:set package 'turtle_sim_navigation' build argument 'cmake_target_skip_unavailable' from command line to 'False'
[0.180s] Level 5:colcon.colcon_core.verb:set package 'turtle_sim_navigation' build argument 'cmake_clean_cache' from command line to 'False'
[0.180s] Level 5:colcon.colcon_core.verb:set package 'turtle_sim_navigation' build argument 'cmake_clean_first' from command line to 'False'
[0.180s] Level 5:colcon.colcon_core.verb:set package 'turtle_sim_navigation' build argument 'cmake_force_configure' from command line to 'False'
[0.180s] Level 5:colcon.colcon_core.verb:set package 'turtle_sim_navigation' build argument 'ament_cmake_args' from command line to 'None'
[0.180s] Level 5:colcon.colcon_core.verb:set package 'turtle_sim_navigation' build argument 'catkin_cmake_args' from command line to 'None'
[0.180s] Level 5:colcon.colcon_core.verb:set package 'turtle_sim_navigation' build argument 'catkin_skip_building_tests' from command line to 'False'
[0.180s] DEBUG:colcon.colcon_core.verb:Building package 'turtle_sim_navigation' with the following arguments: {'ament_cmake_args': None, 'build_base': '/home/devin/Documents/Github-Projects/ROS2_Projects/ros2_ws/build/turtle_sim_navigation', 'catkin_cmake_args': None, 'catkin_skip_building_tests': False, 'cmake_args': None, 'cmake_clean_cache': False, 'cmake_clean_first': False, 'cmake_force_configure': False, 'cmake_target': None, 'cmake_target_skip_unavailable': False, 'install_base': '/home/devin/Documents/Github-Projects/ROS2_Projects/ros2_ws/install/turtle_sim_navigation', 'merge_install': False, 'path': '/home/devin/Documents/Github-Projects/ROS2_Projects/ros2_ws/src/turtle_sim_navigation', 'symlink_install': False, 'test_result_base': None}
[0.180s] INFO:colcon.colcon_core.executor:Executing jobs using 'parallel' executor
[0.181s] DEBUG:colcon.colcon_parallel_executor.executor.parallel:run_until_complete
[0.182s] INFO:colcon.colcon_ros.task.ament_python.build:Building ROS package in '/home/devin/Documents/Github-Projects/ROS2_Projects/ros2_ws/src/my_robot_controller' with build type 'ament_python'
[0.182s] Level 1:colcon.colcon_core.shell:create_environment_hook('my_robot_controller', 'ament_prefix_path')
[0.183s] INFO:colcon.colcon_core.plugin_system:Skipping extension 'colcon_core.shell.bat': Not used on non-Windows systems
[0.183s] INFO:colcon.colcon_core.shell:Creating environment hook '/home/devin/Documents/Github-Projects/ROS2_Projects/ros2_ws/install/my_robot_controller/share/my_robot_controller/hook/ament_prefix_path.ps1'
[0.184s] INFO:colcon.colcon_core.shell:Creating environment descriptor '/home/devin/Documents/Github-Projects/ROS2_Projects/ros2_ws/install/my_robot_controller/share/my_robot_controller/hook/ament_prefix_path.dsv'
[0.184s] INFO:colcon.colcon_core.shell:Creating environment hook '/home/devin/Documents/Github-Projects/ROS2_Projects/ros2_ws/install/my_robot_controller/share/my_robot_controller/hook/ament_prefix_path.sh'
[0.184s] INFO:colcon.colcon_core.shell:Skip shell extension 'powershell' for command environment: Not usable outside of PowerShell
[0.184s] DEBUG:colcon.colcon_core.shell:Skip shell extension 'dsv' for command environment
[0.186s] INFO:colcon.colcon_ros.task.ament_python.build:Building ROS package in '/home/devin/Documents/Github-Projects/ROS2_Projects/ros2_ws/src/publisher_package' with build type 'ament_python'
[0.186s] Level 1:colcon.colcon_core.shell:create_environment_hook('publisher_package', 'ament_prefix_path')
[0.186s] INFO:colcon.colcon_core.shell:Creating environment hook '/home/devin/Documents/Github-Projects/ROS2_Projects/ros2_ws/install/publisher_package/share/publisher_package/hook/ament_prefix_path.ps1'
[0.187s] INFO:colcon.colcon_core.shell:Creating environment descriptor '/home/devin/Documents/Github-Projects/ROS2_Projects/ros2_ws/install/publisher_package/share/publisher_package/hook/ament_prefix_path.dsv'
[0.187s] INFO:colcon.colcon_core.shell:Creating environment hook '/home/devin/Documents/Github-Projects/ROS2_Projects/ros2_ws/install/publisher_package/share/publisher_package/hook/ament_prefix_path.sh'
[0.187s] INFO:colcon.colcon_core.shell:Skip shell extension 'powershell' for command environment: Not usable outside of PowerShell
[0.187s] DEBUG:colcon.colcon_core.shell:Skip shell extension 'dsv' for command environment
[0.189s] INFO:colcon.colcon_ros.task.ament_python.build:Building ROS package in '/home/devin/Documents/Github-Projects/ROS2_Projects/ros2_ws/src/simple_pub_sub' with build type 'ament_python'
[0.189s] Level 1:colcon.colcon_core.shell:create_environment_hook('simple_pub_sub', 'ament_prefix_path')
[0.189s] INFO:colcon.colcon_core.shell:Creating environment hook '/home/devin/Documents/Github-Projects/ROS2_Projects/ros2_ws/install/simple_pub_sub/share/simple_pub_sub/hook/ament_prefix_path.ps1'
[0.191s] INFO:colcon.colcon_core.shell:Creating environment descriptor '/home/devin/Documents/Github-Projects/ROS2_Projects/ros2_ws/install/simple_pub_sub/share/simple_pub_sub/hook/ament_prefix_path.dsv'
[0.191s] INFO:colcon.colcon_core.shell:Creating environment hook '/home/devin/Documents/Github-Projects/ROS2_Projects/ros2_ws/install/simple_pub_sub/share/simple_pub_sub/hook/ament_prefix_path.sh'
[0.191s] INFO:colcon.colcon_core.shell:Skip shell extension 'powershell' for command environment: Not usable outside of PowerShell
[0.191s] DEBUG:colcon.colcon_core.shell:Skip shell extension 'dsv' for command environment
[0.193s] INFO:colcon.colcon_ros.task.ament_python.build:Building ROS package in '/home/devin/Documents/Github-Projects/ROS2_Projects/ros2_ws/src/turtle_sim_navigation' with build type 'ament_python'
[0.193s] Level 1:colcon.colcon_core.shell:create_environment_hook('turtle_sim_navigation', 'ament_prefix_path')
[0.193s] INFO:colcon.colcon_core.shell:Creating environment hook '/home/devin/Documents/Github-Projects/ROS2_Projects/ros2_ws/install/turtle_sim_navigation/share/turtle_sim_navigation/hook/ament_prefix_path.ps1'
[0.193s] INFO:colcon.colcon_core.shell:Creating environment descriptor '/home/devin/Documents/Github-Projects/ROS2_Projects/ros2_ws/install/turtle_sim_navigation/share/turtle_sim_navigation/hook/ament_prefix_path.dsv'
[0.194s] INFO:colcon.colcon_core.shell:Creating environment hook '/home/devin/Documents/Github-Projects/ROS2_Projects/ros2_ws/install/turtle_sim_navigation/share/turtle_sim_navigation/hook/ament_prefix_path.sh'
[0.194s] INFO:colcon.colcon_core.shell:Skip shell extension 'powershell' for command environment: Not usable outside of PowerShell
[0.194s] DEBUG:colcon.colcon_core.shell:Skip shell extension 'dsv' for command environment
[0.354s] INFO:colcon.colcon_core.task.python.build:Building Python package in '/home/devin/Documents/Github-Projects/ROS2_Projects/ros2_ws/src/my_robot_controller'
[0.354s] INFO:colcon.colcon_core.shell:Skip shell extension 'powershell' for command environment: Not usable outside of PowerShell
[0.355s] DEBUG:colcon.colcon_core.shell:Skip shell extension 'dsv' for command environment
[0.506s] INFO:colcon.colcon_core.task.python.build:Building Python package in '/home/devin/Documents/Github-Projects/ROS2_Projects/ros2_ws/src/publisher_package'
[0.507s] INFO:colcon.colcon_core.shell:Skip shell extension 'powershell' for command environment: Not usable outside of PowerShell
[0.515s] DEBUG:colcon.colcon_core.shell:Skip shell extension 'dsv' for command environment
[0.683s] INFO:colcon.colcon_core.task.python.build:Building Python package in '/home/devin/Documents/Github-Projects/ROS2_Projects/ros2_ws/src/simple_pub_sub'
[0.684s] INFO:colcon.colcon_core.shell:Skip shell extension 'powershell' for command environment: Not usable outside of PowerShell
[0.684s] DEBUG:colcon.colcon_core.shell:Skip shell extension 'dsv' for command environment
[0.841s] INFO:colcon.colcon_core.task.python.build:Building Python package in '/home/devin/Documents/Github-Projects/ROS2_Projects/ros2_ws/src/turtle_sim_navigation'
[0.841s] INFO:colcon.colcon_core.shell:Skip shell extension 'powershell' for command environment: Not usable outside of PowerShell
[0.841s] DEBUG:colcon.colcon_core.shell:Skip shell extension 'dsv' for command environment
[1.101s] DEBUG:colcon.colcon_core.event_handler.log_command:Invoking command in '/home/devin/Documents/Github-Projects/ROS2_Projects/ros2_ws/src/simple_pub_sub': PYTHONPATH=/home/devin/Documents/Github-Projects/ROS2_Projects/ros2_ws/build/simple_pub_sub/prefix_override:/usr/lib/python3/dist-packages/colcon_core/task/python/colcon_distutils_commands:/home/devin/Documents/Github-Projects/ROS2_Projects/ros2_ws/install/simple_pub_sub/lib/python3.10/site-packages:${PYTHONPATH} /usr/bin/python3 -W ignore:setup.py install is deprecated setup.py egg_info --egg-base ../../build/simple_pub_sub build --build-base /home/devin/Documents/Github-Projects/ROS2_Projects/ros2_ws/build/simple_pub_sub/build install --record /home/devin/Documents/Github-Projects/ROS2_Projects/ros2_ws/build/simple_pub_sub/install.log --single-version-externally-managed install_data
[1.104s] DEBUG:colcon.colcon_core.event_handler.log_command:Invoking command in '/home/devin/Documents/Github-Projects/ROS2_Projects/ros2_ws/src/publisher_package': PYTHONPATH=/home/devin/Documents/Github-Projects/ROS2_Projects/ros2_ws/build/publisher_package/prefix_override:/usr/lib/python3/dist-packages/colcon_core/task/python/colcon_distutils_commands:/home/devin/Documents/Github-Projects/ROS2_Projects/ros2_ws/install/publisher_package/lib/python3.10/site-packages:${PYTHONPATH} /usr/bin/python3 -W ignore:setup.py install is deprecated setup.py egg_info --egg-base ../../build/publisher_package build --build-base /home/devin/Documents/Github-Projects/ROS2_Projects/ros2_ws/build/publisher_package/build install --record /home/devin/Documents/Github-Projects/ROS2_Projects/ros2_ws/build/publisher_package/install.log --single-version-externally-managed install_data
[1.106s] DEBUG:colcon.colcon_core.event_handler.log_command:Invoking command in '/home/devin/Documents/Github-Projects/ROS2_Projects/ros2_ws/src/my_robot_controller': PYTHONPATH=/home/devin/Documents/Github-Projects/ROS2_Projects/ros2_ws/build/my_robot_controller/prefix_override:/usr/lib/python3/dist-packages/colcon_core/task/python/colcon_distutils_commands:/home/devin/Documents/Github-Projects/ROS2_Projects/ros2_ws/install/my_robot_controller/lib/python3.10/site-packages:${PYTHONPATH} /usr/bin/python3 -W ignore:setup.py install is deprecated setup.py egg_info --egg-base ../../build/my_robot_controller build --build-base /home/devin/Documents/Github-Projects/ROS2_Projects/ros2_ws/build/my_robot_controller/build install --record /home/devin/Documents/Github-Projects/ROS2_Projects/ros2_ws/build/my_robot_controller/install.log --single-version-externally-managed install_data
[1.134s] DEBUG:colcon.colcon_core.event_handler.log_command:Invoking command in '/home/devin/Documents/Github-Projects/ROS2_Projects/ros2_ws/src/turtle_sim_navigation': PYTHONPATH=/home/devin/Documents/Github-Projects/ROS2_Projects/ros2_ws/build/turtle_sim_navigation/prefix_override:/usr/lib/python3/dist-packages/colcon_core/task/python/colcon_distutils_commands:/home/devin/Documents/Github-Projects/ROS2_Projects/ros2_ws/install/turtle_sim_navigation/lib/python3.10/site-packages:${PYTHONPATH} /usr/bin/python3 -W ignore:setup.py install is deprecated setup.py egg_info --egg-base ../../build/turtle_sim_navigation build --build-base /home/devin/Documents/Github-Projects/ROS2_Projects/ros2_ws/build/turtle_sim_navigation/build install --record /home/devin/Documents/Github-Projects/ROS2_Projects/ros2_ws/build/turtle_sim_navigation/install.log --single-version-externally-managed install_data
[1.328s] DEBUG:colcon.colcon_core.event_handler.log_command:Invoked command in '/home/devin/Documents/Github-Projects/ROS2_Projects/ros2_ws/src/publisher_package' returned '0': PYTHONPATH=/home/devin/Documents/Github-Projects/ROS2_Projects/ros2_ws/build/publisher_package/prefix_override:/usr/lib/python3/dist-packages/colcon_core/task/python/colcon_distutils_commands:/home/devin/Documents/Github-Projects/ROS2_Projects/ros2_ws/install/publisher_package/lib/python3.10/site-packages:${PYTHONPATH} /usr/bin/python3 -W ignore:setup.py install is deprecated setup.py egg_info --egg-base ../../build/publisher_package build --build-base /home/devin/Documents/Github-Projects/ROS2_Projects/ros2_ws/build/publisher_package/build install --record /home/devin/Documents/Github-Projects/ROS2_Projects/ros2_ws/build/publisher_package/install.log --single-version-externally-managed install_data
[1.330s] Level 1:colcon.colcon_core.environment:checking '/home/devin/Documents/Github-Projects/ROS2_Projects/ros2_ws/install/publisher_package' for CMake module files
[1.330s] Level 1:colcon.colcon_core.environment:checking '/home/devin/Documents/Github-Projects/ROS2_Projects/ros2_ws/install/publisher_package' for CMake config files
[1.330s] Level 1:colcon.colcon_core.environment:checking '/home/devin/Documents/Github-Projects/ROS2_Projects/ros2_ws/install/publisher_package/lib'
[1.331s] Level 1:colcon.colcon_core.environment:checking '/home/devin/Documents/Github-Projects/ROS2_Projects/ros2_ws/install/publisher_package/bin'
[1.331s] Level 1:colcon.colcon_core.environment:checking '/home/devin/Documents/Github-Projects/ROS2_Projects/ros2_ws/install/publisher_package/lib/pkgconfig/publisher_package.pc'
[1.331s] Level 1:colcon.colcon_core.environment:checking '/home/devin/Documents/Github-Projects/ROS2_Projects/ros2_ws/install/publisher_package/lib/python3.10/site-packages'
[1.331s] Level 1:colcon.colcon_core.shell:create_environment_hook('publisher_package', 'pythonpath')
[1.331s] INFO:colcon.colcon_core.shell:Creating environment hook '/home/devin/Documents/Github-Projects/ROS2_Projects/ros2_ws/install/publisher_package/share/publisher_package/hook/pythonpath.ps1'
[1.331s] INFO:colcon.colcon_core.shell:Creating environment descriptor '/home/devin/Documents/Github-Projects/ROS2_Projects/ros2_ws/install/publisher_package/share/publisher_package/hook/pythonpath.dsv'
[1.332s] INFO:colcon.colcon_core.shell:Creating environment hook '/home/devin/Documents/Github-Projects/ROS2_Projects/ros2_ws/install/publisher_package/share/publisher_package/hook/pythonpath.sh'
[1.332s] Level 1:colcon.colcon_core.environment:checking '/home/devin/Documents/Github-Projects/ROS2_Projects/ros2_ws/install/publisher_package/bin'
[1.332s] Level 1:colcon.colcon_core.environment:create_environment_scripts_only(publisher_package)
[1.332s] INFO:colcon.colcon_core.shell:Creating package script '/home/devin/Documents/Github-Projects/ROS2_Projects/ros2_ws/install/publisher_package/share/publisher_package/package.ps1'
[1.333s] INFO:colcon.colcon_core.shell:Creating package descriptor '/home/devin/Documents/Github-Projects/ROS2_Projects/ros2_ws/install/publisher_package/share/publisher_package/package.dsv'
[1.333s] INFO:colcon.colcon_core.shell:Creating package script '/home/devin/Documents/Github-Projects/ROS2_Projects/ros2_ws/install/publisher_package/share/publisher_package/package.sh'
[1.334s] INFO:colcon.colcon_core.shell:Creating package script '/home/devin/Documents/Github-Projects/ROS2_Projects/ros2_ws/install/publisher_package/share/publisher_package/package.bash'
[1.334s] INFO:colcon.colcon_core.shell:Creating package script '/home/devin/Documents/Github-Projects/ROS2_Projects/ros2_ws/install/publisher_package/share/publisher_package/package.zsh'
[1.335s] Level 1:colcon.colcon_core.environment:create_file_with_runtime_dependencies(/home/devin/Documents/Github-Projects/ROS2_Projects/ros2_ws/install/publisher_package/share/colcon-core/packages/publisher_package)
[1.336s] Level 1:colcon.colcon_core.environment:checking '/home/devin/Documents/Github-Projects/ROS2_Projects/ros2_ws/install/my_robot_controller' for CMake module files
[1.336s] Level 1:colcon.colcon_core.environment:checking '/home/devin/Documents/Github-Projects/ROS2_Projects/ros2_ws/install/my_robot_controller' for CMake config files
[1.337s] DEBUG:colcon.colcon_core.event_handler.log_command:Invoked command in '/home/devin/Documents/Github-Projects/ROS2_Projects/ros2_ws/src/my_robot_controller' returned '0': PYTHONPATH=/home/devin/Documents/Github-Projects/ROS2_Projects/ros2_ws/build/my_robot_controller/prefix_override:/usr/lib/python3/dist-packages/colcon_core/task/python/colcon_distutils_commands:/home/devin/Documents/Github-Projects/ROS2_Projects/ros2_ws/install/my_robot_controller/lib/python3.10/site-packages:${PYTHONPATH} /usr/bin/python3 -W ignore:setup.py install is deprecated setup.py egg_info --egg-base ../../build/my_robot_controller build --build-base /home/devin/Documents/Github-Projects/ROS2_Projects/ros2_ws/build/my_robot_controller/build install --record /home/devin/Documents/Github-Projects/ROS2_Projects/ros2_ws/build/my_robot_controller/install.log --single-version-externally-managed install_data
[1.337s] Level 1:colcon.colcon_core.environment:checking '/home/devin/Documents/Github-Projects/ROS2_Projects/ros2_ws/install/my_robot_controller/lib'
[1.337s] Level 1:colcon.colcon_core.environment:checking '/home/devin/Documents/Github-Projects/ROS2_Projects/ros2_ws/install/my_robot_controller/bin'
[1.337s] Level 1:colcon.colcon_core.environment:checking '/home/devin/Documents/Github-Projects/ROS2_Projects/ros2_ws/install/my_robot_controller/lib/pkgconfig/my_robot_controller.pc'
[1.337s] Level 1:colcon.colcon_core.environment:checking '/home/devin/Documents/Github-Projects/ROS2_Projects/ros2_ws/install/my_robot_controller/lib/python3.10/site-packages'
[1.337s] Level 1:colcon.colcon_core.shell:create_environment_hook('my_robot_controller', 'pythonpath')
[1.337s] INFO:colcon.colcon_core.shell:Creating environment hook '/home/devin/Documents/Github-Projects/ROS2_Projects/ros2_ws/install/my_robot_controller/share/my_robot_controller/hook/pythonpath.ps1'
[1.338s] INFO:colcon.colcon_core.shell:Creating environment descriptor '/home/devin/Documents/Github-Projects/ROS2_Projects/ros2_ws/install/my_robot_controller/share/my_robot_controller/hook/pythonpath.dsv'
[1.338s] INFO:colcon.colcon_core.shell:Creating environment hook '/home/devin/Documents/Github-Projects/ROS2_Projects/ros2_ws/install/my_robot_controller/share/my_robot_controller/hook/pythonpath.sh'
[1.338s] Level 1:colcon.colcon_core.environment:checking '/home/devin/Documents/Github-Projects/ROS2_Projects/ros2_ws/install/my_robot_controller/bin'
[1.338s] Level 1:colcon.colcon_core.environment:create_environment_scripts_only(my_robot_controller)
[1.339s] INFO:colcon.colcon_core.shell:Creating package script '/home/devin/Documents/Github-Projects/ROS2_Projects/ros2_ws/install/my_robot_controller/share/my_robot_controller/package.ps1'
[1.339s] INFO:colcon.colcon_core.shell:Creating package descriptor '/home/devin/Documents/Github-Projects/ROS2_Projects/ros2_ws/install/my_robot_controller/share/my_robot_controller/package.dsv'
[1.339s] INFO:colcon.colcon_core.shell:Creating package script '/home/devin/Documents/Github-Projects/ROS2_Projects/ros2_ws/install/my_robot_controller/share/my_robot_controller/package.sh'
[1.339s] INFO:colcon.colcon_core.shell:Creating package script '/home/devin/Documents/Github-Projects/ROS2_Projects/ros2_ws/install/my_robot_controller/share/my_robot_controller/package.bash'
[1.340s] INFO:colcon.colcon_core.shell:Creating package script '/home/devin/Documents/Github-Projects/ROS2_Projects/ros2_ws/install/my_robot_controller/share/my_robot_controller/package.zsh'
[1.340s] Level 1:colcon.colcon_core.environment:create_file_with_runtime_dependencies(/home/devin/Documents/Github-Projects/ROS2_Projects/ros2_ws/install/my_robot_controller/share/colcon-core/packages/my_robot_controller)
[1.340s] Level 1:colcon.colcon_core.environment:checking '/home/devin/Documents/Github-Projects/ROS2_Projects/ros2_ws/install/simple_pub_sub' for CMake module files
[1.341s] Level 1:colcon.colcon_core.environment:checking '/home/devin/Documents/Github-Projects/ROS2_Projects/ros2_ws/install/simple_pub_sub' for CMake config files
[1.341s] DEBUG:colcon.colcon_core.event_handler.log_command:Invoked command in '/home/devin/Documents/Github-Projects/ROS2_Projects/ros2_ws/src/simple_pub_sub' returned '0': PYTHONPATH=/home/devin/Documents/Github-Projects/ROS2_Projects/ros2_ws/build/simple_pub_sub/prefix_override:/usr/lib/python3/dist-packages/colcon_core/task/python/colcon_distutils_commands:/home/devin/Documents/Github-Projects/ROS2_Projects/ros2_ws/install/simple_pub_sub/lib/python3.10/site-packages:${PYTHONPATH} /usr/bin/python3 -W ignore:setup.py install is deprecated setup.py egg_info --egg-base ../../build/simple_pub_sub build --build-base /home/devin/Documents/Github-Projects/ROS2_Projects/ros2_ws/build/simple_pub_sub/build install --record /home/devin/Documents/Github-Projects/ROS2_Projects/ros2_ws/build/simple_pub_sub/install.log --single-version-externally-managed install_data
[1.341s] Level 1:colcon.colcon_core.environment:checking '/home/devin/Documents/Github-Projects/ROS2_Projects/ros2_ws/install/simple_pub_sub/lib'
[1.342s] Level 1:colcon.colcon_core.environment:checking '/home/devin/Documents/Github-Projects/ROS2_Projects/ros2_ws/install/simple_pub_sub/bin'
[1.342s] Level 1:colcon.colcon_core.environment:checking '/home/devin/Documents/Github-Projects/ROS2_Projects/ros2_ws/install/simple_pub_sub/lib/pkgconfig/simple_pub_sub.pc'
[1.342s] Level 1:colcon.colcon_core.environment:checking '/home/devin/Documents/Github-Projects/ROS2_Projects/ros2_ws/install/simple_pub_sub/lib/python3.10/site-packages'
[1.342s] Level 1:colcon.colcon_core.shell:create_environment_hook('simple_pub_sub', 'pythonpath')
[1.342s] INFO:colcon.colcon_core.shell:Creating environment hook '/home/devin/Documents/Github-Projects/ROS2_Projects/ros2_ws/install/simple_pub_sub/share/simple_pub_sub/hook/pythonpath.ps1'
[1.342s] INFO:colcon.colcon_core.shell:Creating environment descriptor '/home/devin/Documents/Github-Projects/ROS2_Projects/ros2_ws/install/simple_pub_sub/share/simple_pub_sub/hook/pythonpath.dsv'
[1.342s] INFO:colcon.colcon_core.shell:Creating environment hook '/home/devin/Documents/Github-Projects/ROS2_Projects/ros2_ws/install/simple_pub_sub/share/simple_pub_sub/hook/pythonpath.sh'
[1.343s] Level 1:colcon.colcon_core.environment:checking '/home/devin/Documents/Github-Projects/ROS2_Projects/ros2_ws/install/simple_pub_sub/bin'
[1.343s] Level 1:colcon.colcon_core.environment:create_environment_scripts_only(simple_pub_sub)
[1.343s] INFO:colcon.colcon_core.shell:Creating package script '/home/devin/Documents/Github-Projects/ROS2_Projects/ros2_ws/install/simple_pub_sub/share/simple_pub_sub/package.ps1'
[1.343s] INFO:colcon.colcon_core.shell:Creating package descriptor '/home/devin/Documents/Github-Projects/ROS2_Projects/ros2_ws/install/simple_pub_sub/share/simple_pub_sub/package.dsv'
[1.343s] INFO:colcon.colcon_core.shell:Creating package script '/home/devin/Documents/Github-Projects/ROS2_Projects/ros2_ws/install/simple_pub_sub/share/simple_pub_sub/package.sh'
[1.344s] INFO:colcon.colcon_core.shell:Creating package script '/home/devin/Documents/Github-Projects/ROS2_Projects/ros2_ws/install/simple_pub_sub/share/simple_pub_sub/package.bash'
[1.344s] INFO:colcon.colcon_core.shell:Creating package script '/home/devin/Documents/Github-Projects/ROS2_Projects/ros2_ws/install/simple_pub_sub/share/simple_pub_sub/package.zsh'
[1.344s] Level 1:colcon.colcon_core.environment:create_file_with_runtime_dependencies(/home/devin/Documents/Github-Projects/ROS2_Projects/ros2_ws/install/simple_pub_sub/share/colcon-core/packages/simple_pub_sub)
[1.348s] Level 1:colcon.colcon_core.environment:checking '/home/devin/Documents/Github-Projects/ROS2_Projects/ros2_ws/install/turtle_sim_navigation' for CMake module files
[1.348s] DEBUG:colcon.colcon_core.event_handler.log_command:Invoked command in '/home/devin/Documents/Github-Projects/ROS2_Projects/ros2_ws/src/turtle_sim_navigation' returned '0': PYTHONPATH=/home/devin/Documents/Github-Projects/ROS2_Projects/ros2_ws/build/turtle_sim_navigation/prefix_override:/usr/lib/python3/dist-packages/colcon_core/task/python/colcon_distutils_commands:/home/devin/Documents/Github-Projects/ROS2_Projects/ros2_ws/install/turtle_sim_navigation/lib/python3.10/site-packages:${PYTHONPATH} /usr/bin/python3 -W ignore:setup.py install is deprecated setup.py egg_info --egg-base ../../build/turtle_sim_navigation build --build-base /home/devin/Documents/Github-Projects/ROS2_Projects/ros2_ws/build/turtle_sim_navigation/build install --record /home/devin/Documents/Github-Projects/ROS2_Projects/ros2_ws/build/turtle_sim_navigation/install.log --single-version-externally-managed install_data
[1.348s] Level 1:colcon.colcon_core.environment:checking '/home/devin/Documents/Github-Projects/ROS2_Projects/ros2_ws/install/turtle_sim_navigation' for CMake config files
[1.349s] Level 1:colcon.colcon_core.environment:checking '/home/devin/Documents/Github-Projects/ROS2_Projects/ros2_ws/install/turtle_sim_navigation/lib'
[1.349s] Level 1:colcon.colcon_core.environment:checking '/home/devin/Documents/Github-Projects/ROS2_Projects/ros2_ws/install/turtle_sim_navigation/bin'
[1.349s] Level 1:colcon.colcon_core.environment:checking '/home/devin/Documents/Github-Projects/ROS2_Projects/ros2_ws/install/turtle_sim_navigation/lib/pkgconfig/turtle_sim_navigation.pc'
[1.349s] Level 1:colcon.colcon_core.environment:checking '/home/devin/Documents/Github-Projects/ROS2_Projects/ros2_ws/install/turtle_sim_navigation/lib/python3.10/site-packages'
[1.349s] Level 1:colcon.colcon_core.shell:create_environment_hook('turtle_sim_navigation', 'pythonpath')
[1.349s] INFO:colcon.colcon_core.shell:Creating environment hook '/home/devin/Documents/Github-Projects/ROS2_Projects/ros2_ws/install/turtle_sim_navigation/share/turtle_sim_navigation/hook/pythonpath.ps1'
[1.349s] INFO:colcon.colcon_core.shell:Creating environment descriptor '/home/devin/Documents/Github-Projects/ROS2_Projects/ros2_ws/install/turtle_sim_navigation/share/turtle_sim_navigation/hook/pythonpath.dsv'
[1.350s] INFO:colcon.colcon_core.shell:Creating environment hook '/home/devin/Documents/Github-Projects/ROS2_Projects/ros2_ws/install/turtle_sim_navigation/share/turtle_sim_navigation/hook/pythonpath.sh'
[1.350s] Level 1:colcon.colcon_core.environment:checking '/home/devin/Documents/Github-Projects/ROS2_Projects/ros2_ws/install/turtle_sim_navigation/bin'
[1.350s] Level 1:colcon.colcon_core.environment:create_environment_scripts_only(turtle_sim_navigation)
[1.350s] INFO:colcon.colcon_core.shell:Creating package script '/home/devin/Documents/Github-Projects/ROS2_Projects/ros2_ws/install/turtle_sim_navigation/share/turtle_sim_navigation/package.ps1'
[1.350s] INFO:colcon.colcon_core.shell:Creating package descriptor '/home/devin/Documents/Github-Projects/ROS2_Projects/ros2_ws/install/turtle_sim_navigation/share/turtle_sim_navigation/package.dsv'
[1.351s] INFO:colcon.colcon_core.shell:Creating package script '/home/devin/Documents/Github-Projects/ROS2_Projects/ros2_ws/install/turtle_sim_navigation/share/turtle_sim_navigation/package.sh'
[1.351s] INFO:colcon.colcon_core.shell:Creating package script '/home/devin/Documents/Github-Projects/ROS2_Projects/ros2_ws/install/turtle_sim_navigation/share/turtle_sim_navigation/package.bash'
[1.351s] INFO:colcon.colcon_core.shell:Creating package script '/home/devin/Documents/Github-Projects/ROS2_Projects/ros2_ws/install/turtle_sim_navigation/share/turtle_sim_navigation/package.zsh'
[1.351s] Level 1:colcon.colcon_core.environment:create_file_with_runtime_dependencies(/home/devin/Documents/Github-Projects/ROS2_Projects/ros2_ws/install/turtle_sim_navigation/share/colcon-core/packages/turtle_sim_navigation)
[1.351s] DEBUG:colcon.colcon_parallel_executor.executor.parallel:closing loop
[1.351s] DEBUG:colcon.colcon_parallel_executor.executor.parallel:loop closed
[1.351s] DEBUG:colcon.colcon_parallel_executor.executor.parallel:run_until_complete finished with '0'
[1.352s] DEBUG:colcon.colcon_core.event_reactor:joining thread
[1.356s] INFO:colcon.colcon_core.plugin_system:Skipping extension 'colcon_notification.desktop_notification.terminal_notifier': Not used on non-Darwin systems
[1.356s] INFO:colcon.colcon_core.plugin_system:Skipping extension 'colcon_notification.desktop_notification.win32': Not used on non-Windows systems
[1.356s] INFO:colcon.colcon_notification.desktop_notification:Sending desktop notification using 'notify2'
[1.365s] DEBUG:colcon.colcon_core.event_reactor:joined thread
[1.365s] INFO:colcon.colcon_core.shell:Creating prefix script '/home/devin/Documents/Github-Projects/ROS2_Projects/ros2_ws/install/local_setup.ps1'
[1.366s] INFO:colcon.colcon_core.shell:Creating prefix util module '/home/devin/Documents/Github-Projects/ROS2_Projects/ros2_ws/install/_local_setup_util_ps1.py'
[1.367s] INFO:colcon.colcon_core.shell:Creating prefix chain script '/home/devin/Documents/Github-Projects/ROS2_Projects/ros2_ws/install/setup.ps1'
[1.367s] INFO:colcon.colcon_core.shell:Creating prefix script '/home/devin/Documents/Github-Projects/ROS2_Projects/ros2_ws/install/local_setup.sh'
[1.368s] INFO:colcon.colcon_core.shell:Creating prefix util module '/home/devin/Documents/Github-Projects/ROS2_Projects/ros2_ws/install/_local_setup_util_sh.py'
[1.368s] INFO:colcon.colcon_core.shell:Creating prefix chain script '/home/devin/Documents/Github-Projects/ROS2_Projects/ros2_ws/install/setup.sh'
[1.369s] INFO:colcon.colcon_core.shell:Creating prefix script '/home/devin/Documents/Github-Projects/ROS2_Projects/ros2_ws/install/local_setup.bash'
[1.369s] INFO:colcon.colcon_core.shell:Creating prefix chain script '/home/devin/Documents/Github-Projects/ROS2_Projects/ros2_ws/install/setup.bash'
[1.369s] INFO:colcon.colcon_core.shell:Creating prefix script '/home/devin/Documents/Github-Projects/ROS2_Projects/ros2_ws/install/local_setup.zsh'
[1.370s] INFO:colcon.colcon_core.shell:Creating prefix chain script '/home/devin/Documents/Github-Projects/ROS2_Projects/ros2_ws/install/setup.zsh'
