[0.916s] Invoking command in '/home/devin/Documents/Github-Projects/ROS2_Projects/ros2_ws/src/publisher_package': PYTHONPATH=/home/devin/Documents/Github-Projects/ROS2_Projects/ros2_ws/build/publisher_package/prefix_override:/usr/lib/python3/dist-packages/colcon_core/task/python/colcon_distutils_commands:/home/devin/Documents/Github-Projects/ROS2_Projects/ros2_ws/install/publisher_package/lib/python3.10/site-packages:${PYTHONPATH} /usr/bin/python3 -W ignore:setup.py install is deprecated setup.py egg_info --egg-base ../../build/publisher_package build --build-base /home/devin/Documents/Github-Projects/ROS2_Projects/ros2_ws/build/publisher_package/build install --record /home/devin/Documents/Github-Projects/ROS2_Projects/ros2_ws/build/publisher_package/install.log --single-version-externally-managed install_data
[1.063s] running egg_info
[1.063s] writing ../../build/publisher_package/publisher_package.egg-info/PKG-INFO
[1.063s] writing dependency_links to ../../build/publisher_package/publisher_package.egg-info/dependency_links.txt
[1.064s] writing entry points to ../../build/publisher_package/publisher_package.egg-info/entry_points.txt
[1.064s] writing requirements to ../../build/publisher_package/publisher_package.egg-info/requires.txt
[1.064s] writing top-level names to ../../build/publisher_package/publisher_package.egg-info/top_level.txt
[1.066s] reading manifest file '../../build/publisher_package/publisher_package.egg-info/SOURCES.txt'
[1.067s] writing manifest file '../../build/publisher_package/publisher_package.egg-info/SOURCES.txt'
[1.067s] running build
[1.067s] running build_py
[1.067s] running install
[1.067s] running install_lib
[1.068s] running install_data
[1.068s] running install_egg_info
[1.070s] removing '/home/devin/Documents/Github-Projects/ROS2_Projects/ros2_ws/install/publisher_package/lib/python3.10/site-packages/publisher_package-0.0.0-py3.10.egg-info' (and everything under it)
[1.071s] Copying ../../build/publisher_package/publisher_package.egg-info to /home/devin/Documents/Github-Projects/ROS2_Projects/ros2_ws/install/publisher_package/lib/python3.10/site-packages/publisher_package-0.0.0-py3.10.egg-info
[1.071s] running install_scripts
[1.089s] Installing image_publisher script to /home/devin/Documents/Github-Projects/ROS2_Projects/ros2_ws/install/publisher_package/lib/publisher_package
[1.089s] Installing image_subscriber script to /home/devin/Documents/Github-Projects/ROS2_Projects/ros2_ws/install/publisher_package/lib/publisher_package
[1.089s] writing list of installed files to '/home/devin/Documents/Github-Projects/ROS2_Projects/ros2_ws/build/publisher_package/install.log'
[1.149s] Invoked command in '/home/devin/Documents/Github-Projects/ROS2_Projects/ros2_ws/src/publisher_package' returned '0': PYTHONPATH=/home/devin/Documents/Github-Projects/ROS2_Projects/ros2_ws/build/publisher_package/prefix_override:/usr/lib/python3/dist-packages/colcon_core/task/python/colcon_distutils_commands:/home/devin/Documents/Github-Projects/ROS2_Projects/ros2_ws/install/publisher_package/lib/python3.10/site-packages:${PYTHONPATH} /usr/bin/python3 -W ignore:setup.py install is deprecated setup.py egg_info --egg-base ../../build/publisher_package build --build-base /home/devin/Documents/Github-Projects/ROS2_Projects/ros2_ws/build/publisher_package/build install --record /home/devin/Documents/Github-Projects/ROS2_Projects/ros2_ws/build/publisher_package/install.log --single-version-externally-managed install_data
