[0.963s] Invoking command in '/home/devin/Documents/Github-Projects/ROS2_Projects/ros2_ws/src/my_robot_controller': PYTHONPATH=/home/devin/Documents/Github-Projects/ROS2_Projects/ros2_ws/build/my_robot_controller/prefix_override:/usr/lib/python3/dist-packages/colcon_core/task/python/colcon_distutils_commands:/home/devin/Documents/Github-Projects/ROS2_Projects/ros2_ws/install/my_robot_controller/lib/python3.10/site-packages:${PYTHONPATH} /usr/bin/python3 -W ignore:setup.py install is deprecated setup.py egg_info --egg-base ../../build/my_robot_controller build --build-base /home/devin/Documents/Github-Projects/ROS2_Projects/ros2_ws/build/my_robot_controller/build install --record /home/devin/Documents/Github-Projects/ROS2_Projects/ros2_ws/build/my_robot_controller/install.log --single-version-externally-managed install_data
[1.107s] running egg_info
[1.107s] writing ../../build/my_robot_controller/my_robot_controller.egg-info/PKG-INFO
[1.107s] writing dependency_links to ../../build/my_robot_controller/my_robot_controller.egg-info/dependency_links.txt
[1.108s] writing entry points to ../../build/my_robot_controller/my_robot_controller.egg-info/entry_points.txt
[1.108s] writing requirements to ../../build/my_robot_controller/my_robot_controller.egg-info/requires.txt
[1.108s] writing top-level names to ../../build/my_robot_controller/my_robot_controller.egg-info/top_level.txt
[1.109s] reading manifest file '../../build/my_robot_controller/my_robot_controller.egg-info/SOURCES.txt'
[1.116s] writing manifest file '../../build/my_robot_controller/my_robot_controller.egg-info/SOURCES.txt'
[1.117s] running build
[1.117s] running build_py
[1.117s] running install
[1.117s] running install_lib
[1.117s] running install_data
[1.118s] running install_egg_info
[1.118s] removing '/home/devin/Documents/Github-Projects/ROS2_Projects/ros2_ws/install/my_robot_controller/lib/python3.10/site-packages/my_robot_controller-0.0.0-py3.10.egg-info' (and everything under it)
[1.118s] Copying ../../build/my_robot_controller/my_robot_controller.egg-info to /home/devin/Documents/Github-Projects/ROS2_Projects/ros2_ws/install/my_robot_controller/lib/python3.10/site-packages/my_robot_controller-0.0.0-py3.10.egg-info
[1.119s] running install_scripts
[1.133s] Installing test_node script to /home/devin/Documents/Github-Projects/ROS2_Projects/ros2_ws/install/my_robot_controller/lib/my_robot_controller
[1.134s] writing list of installed files to '/home/devin/Documents/Github-Projects/ROS2_Projects/ros2_ws/build/my_robot_controller/install.log'
[1.205s] Invoked command in '/home/devin/Documents/Github-Projects/ROS2_Projects/ros2_ws/src/my_robot_controller' returned '0': PYTHONPATH=/home/devin/Documents/Github-Projects/ROS2_Projects/ros2_ws/build/my_robot_controller/prefix_override:/usr/lib/python3/dist-packages/colcon_core/task/python/colcon_distutils_commands:/home/devin/Documents/Github-Projects/ROS2_Projects/ros2_ws/install/my_robot_controller/lib/python3.10/site-packages:${PYTHONPATH} /usr/bin/python3 -W ignore:setup.py install is deprecated setup.py egg_info --egg-base ../../build/my_robot_controller build --build-base /home/devin/Documents/Github-Projects/ROS2_Projects/ros2_ws/build/my_robot_controller/build install --record /home/devin/Documents/Github-Projects/ROS2_Projects/ros2_ws/build/my_robot_controller/install.log --single-version-externally-managed install_data
