[0.884s] Invoking command in '/home/devin/Documents/Github-Projects/ROS2_Projects/ros2_ws/src/simple_pub_sub': PYTHONPATH=/home/devin/Documents/Github-Projects/ROS2_Projects/ros2_ws/build/simple_pub_sub/prefix_override:/usr/lib/python3/dist-packages/colcon_core/task/python/colcon_distutils_commands:/home/devin/Documents/Github-Projects/ROS2_Projects/ros2_ws/install/simple_pub_sub/lib/python3.10/site-packages:${PYTHONPATH} /usr/bin/python3 -W ignore:setup.py install is deprecated setup.py egg_info --egg-base ../../build/simple_pub_sub build --build-base /home/devin/Documents/Github-Projects/ROS2_Projects/ros2_ws/build/simple_pub_sub/build install --record /home/devin/Documents/Github-Projects/ROS2_Projects/ros2_ws/build/simple_pub_sub/install.log --single-version-externally-managed install_data
[1.034s] running egg_info
[1.034s] writing ../../build/simple_pub_sub/simple_pub_sub.egg-info/PKG-INFO
[1.034s] writing dependency_links to ../../build/simple_pub_sub/simple_pub_sub.egg-info/dependency_links.txt
[1.034s] writing entry points to ../../build/simple_pub_sub/simple_pub_sub.egg-info/entry_points.txt
[1.034s] writing requirements to ../../build/simple_pub_sub/simple_pub_sub.egg-info/requires.txt
[1.035s] writing top-level names to ../../build/simple_pub_sub/simple_pub_sub.egg-info/top_level.txt
[1.036s] reading manifest file '../../build/simple_pub_sub/simple_pub_sub.egg-info/SOURCES.txt'
[1.036s] writing manifest file '../../build/simple_pub_sub/simple_pub_sub.egg-info/SOURCES.txt'
[1.036s] running build
[1.036s] running build_py
[1.036s] copying simple_pub_sub/sub.py -> /home/devin/Documents/Github-Projects/ROS2_Projects/ros2_ws/build/simple_pub_sub/build/lib/simple_pub_sub
[1.037s] copying simple_pub_sub/pub.py -> /home/devin/Documents/Github-Projects/ROS2_Projects/ros2_ws/build/simple_pub_sub/build/lib/simple_pub_sub
[1.037s] running install
[1.037s] running install_lib
[1.037s] copying /home/devin/Documents/Github-Projects/ROS2_Projects/ros2_ws/build/simple_pub_sub/build/lib/simple_pub_sub/sub.py -> /home/devin/Documents/Github-Projects/ROS2_Projects/ros2_ws/install/simple_pub_sub/lib/python3.10/site-packages/simple_pub_sub
[1.037s] copying /home/devin/Documents/Github-Projects/ROS2_Projects/ros2_ws/build/simple_pub_sub/build/lib/simple_pub_sub/pub.py -> /home/devin/Documents/Github-Projects/ROS2_Projects/ros2_ws/install/simple_pub_sub/lib/python3.10/site-packages/simple_pub_sub
[1.038s] byte-compiling /home/devin/Documents/Github-Projects/ROS2_Projects/ros2_ws/install/simple_pub_sub/lib/python3.10/site-packages/simple_pub_sub/sub.py to sub.cpython-310.pyc
[1.038s] byte-compiling /home/devin/Documents/Github-Projects/ROS2_Projects/ros2_ws/install/simple_pub_sub/lib/python3.10/site-packages/simple_pub_sub/pub.py to pub.cpython-310.pyc
[1.039s] running install_data
[1.039s] running install_egg_info
[1.040s] removing '/home/devin/Documents/Github-Projects/ROS2_Projects/ros2_ws/install/simple_pub_sub/lib/python3.10/site-packages/simple_pub_sub-0.0.0-py3.10.egg-info' (and everything under it)
[1.040s] Copying ../../build/simple_pub_sub/simple_pub_sub.egg-info to /home/devin/Documents/Github-Projects/ROS2_Projects/ros2_ws/install/simple_pub_sub/lib/python3.10/site-packages/simple_pub_sub-0.0.0-py3.10.egg-info
[1.041s] running install_scripts
[1.057s] Installing listener script to /home/devin/Documents/Github-Projects/ROS2_Projects/ros2_ws/install/simple_pub_sub/lib/simple_pub_sub
[1.057s] Installing talker script to /home/devin/Documents/Github-Projects/ROS2_Projects/ros2_ws/install/simple_pub_sub/lib/simple_pub_sub
[1.057s] writing list of installed files to '/home/devin/Documents/Github-Projects/ROS2_Projects/ros2_ws/build/simple_pub_sub/install.log'
[1.121s] Invoked command in '/home/devin/Documents/Github-Projects/ROS2_Projects/ros2_ws/src/simple_pub_sub' returned '0': PYTHONPATH=/home/devin/Documents/Github-Projects/ROS2_Projects/ros2_ws/build/simple_pub_sub/prefix_override:/usr/lib/python3/dist-packages/colcon_core/task/python/colcon_distutils_commands:/home/devin/Documents/Github-Projects/ROS2_Projects/ros2_ws/install/simple_pub_sub/lib/python3.10/site-packages:${PYTHONPATH} /usr/bin/python3 -W ignore:setup.py install is deprecated setup.py egg_info --egg-base ../../build/simple_pub_sub build --build-base /home/devin/Documents/Github-Projects/ROS2_Projects/ros2_ws/build/simple_pub_sub/build install --record /home/devin/Documents/Github-Projects/ROS2_Projects/ros2_ws/build/simple_pub_sub/install.log --single-version-externally-managed install_data
