running develop
Removing /home/devin/Documents/Github-Projects/ROS2_Projects/ros2_ws/install/turtle_sim_navigation/lib/python3.10/site-packages/turtle-sim-navigation.egg-link (link to .)
running egg_info
writing ../../build/turtle_sim_navigation/turtle_sim_navigation.egg-info/PKG-INFO
writing dependency_links to ../../build/turtle_sim_navigation/turtle_sim_navigation.egg-info/dependency_links.txt
writing entry points to ../../build/turtle_sim_navigation/turtle_sim_navigation.egg-info/entry_points.txt
writing requirements to ../../build/turtle_sim_navigation/turtle_sim_navigation.egg-info/requires.txt
writing top-level names to ../../build/turtle_sim_navigation/turtle_sim_navigation.egg-info/top_level.txt
reading manifest file '../../build/turtle_sim_navigation/turtle_sim_navigation.egg-info/SOURCES.txt'
writing manifest file '../../build/turtle_sim_navigation/turtle_sim_navigation.egg-info/SOURCES.txt'
running build
running build_py
copying turtle_sim_navigation/turtle_triangle.py -> /home/devin/Documents/Github-Projects/ROS2_Projects/ros2_ws/build/turtle_sim_navigation/build/lib/turtle_sim_navigation
copying turtle_sim_navigation/turtle_square.py -> /home/devin/Documents/Github-Projects/ROS2_Projects/ros2_ws/build/turtle_sim_navigation/build/lib/turtle_sim_navigation
running install
running install_lib
creating /home/devin/Documents/Github-Projects/ROS2_Projects/ros2_ws/install/turtle_sim_navigation/lib/python3.10/site-packages/turtle_sim_navigation
copying /home/devin/Documents/Github-Projects/ROS2_Projects/ros2_ws/build/turtle_sim_navigation/build/lib/turtle_sim_navigation/move_turtle.py -> /home/devin/Documents/Github-Projects/ROS2_Projects/ros2_ws/install/turtle_sim_navigation/lib/python3.10/site-packages/turtle_sim_navigation
copying /home/devin/Documents/Github-Projects/ROS2_Projects/ros2_ws/build/turtle_sim_navigation/build/lib/turtle_sim_navigation/set_direction_service.py -> /home/devin/Documents/Github-Projects/ROS2_Projects/ros2_ws/install/turtle_sim_navigation/lib/python3.10/site-packages/turtle_sim_navigation
copying /home/devin/Documents/Github-Projects/ROS2_Projects/ros2_ws/build/turtle_sim_navigation/build/lib/turtle_sim_navigation/turtle_triangle.py -> /home/devin/Documents/Github-Projects/ROS2_Projects/ros2_ws/install/turtle_sim_navigation/lib/python3.10/site-packages/turtle_sim_navigation
copying /home/devin/Documents/Github-Projects/ROS2_Projects/ros2_ws/build/turtle_sim_navigation/build/lib/turtle_sim_navigation/__init__.py -> /home/devin/Documents/Github-Projects/ROS2_Projects/ros2_ws/install/turtle_sim_navigation/lib/python3.10/site-packages/turtle_sim_navigation
copying /home/devin/Documents/Github-Projects/ROS2_Projects/ros2_ws/build/turtle_sim_navigation/build/lib/turtle_sim_navigation/turtle_square.py -> /home/devin/Documents/Github-Projects/ROS2_Projects/ros2_ws/install/turtle_sim_navigation/lib/python3.10/site-packages/turtle_sim_navigation
byte-compiling /home/devin/Documents/Github-Projects/ROS2_Projects/ros2_ws/install/turtle_sim_navigation/lib/python3.10/site-packages/turtle_sim_navigation/move_turtle.py to move_turtle.cpython-310.pyc
byte-compiling /home/devin/Documents/Github-Projects/ROS2_Projects/ros2_ws/install/turtle_sim_navigation/lib/python3.10/site-packages/turtle_sim_navigation/set_direction_service.py to set_direction_service.cpython-310.pyc
byte-compiling /home/devin/Documents/Github-Projects/ROS2_Projects/ros2_ws/install/turtle_sim_navigation/lib/python3.10/site-packages/turtle_sim_navigation/turtle_triangle.py to turtle_triangle.cpython-310.pyc
byte-compiling /home/devin/Documents/Github-Projects/ROS2_Projects/ros2_ws/install/turtle_sim_navigation/lib/python3.10/site-packages/turtle_sim_navigation/__init__.py to __init__.cpython-310.pyc
byte-compiling /home/devin/Documents/Github-Projects/ROS2_Projects/ros2_ws/install/turtle_sim_navigation/lib/python3.10/site-packages/turtle_sim_navigation/turtle_square.py to turtle_square.cpython-310.pyc
running install_data
copying resource/turtle_sim_navigation -> /home/devin/Documents/Github-Projects/ROS2_Projects/ros2_ws/install/turtle_sim_navigation/share/ament_index/resource_index/packages
copying package.xml -> /home/devin/Documents/Github-Projects/ROS2_Projects/ros2_ws/install/turtle_sim_navigation/share/turtle_sim_navigation
running install_egg_info
Copying ../../build/turtle_sim_navigation/turtle_sim_navigation.egg-info to /home/devin/Documents/Github-Projects/ROS2_Projects/ros2_ws/install/turtle_sim_navigation/lib/python3.10/site-packages/turtle_sim_navigation-0.0.0-py3.10.egg-info
running install_scripts
Installing square script to /home/devin/Documents/Github-Projects/ROS2_Projects/ros2_ws/install/turtle_sim_navigation/lib/turtle_sim_navigation
Installing triangle script to /home/devin/Documents/Github-Projects/ROS2_Projects/ros2_ws/install/turtle_sim_navigation/lib/turtle_sim_navigation
Installing turtle_client script to /home/devin/Documents/Github-Projects/ROS2_Projects/ros2_ws/install/turtle_sim_navigation/lib/turtle_sim_navigation
Installing turtle_service script to /home/devin/Documents/Github-Projects/ROS2_Projects/ros2_ws/install/turtle_sim_navigation/lib/turtle_sim_navigation
writing list of installed files to '/home/devin/Documents/Github-Projects/ROS2_Projects/ros2_ws/build/turtle_sim_navigation/install.log'
