[0.372s] Invoking command in '/home/devin/Documents/Github-Projects/ROS2_Projects/ros2_ws/build/turtle_sim_navigation': PYTHONPATH=/home/devin/Documents/Github-Projects/ROS2_Projects/ros2_ws/build/turtle_sim_navigation/prefix_override:/usr/lib/python3/dist-packages/colcon_core/task/python/colcon_distutils_commands:/home/devin/Documents/Github-Projects/ROS2_Projects/ros2_ws/install/turtle_sim_navigation/lib/python3.10/site-packages:${PYTHONPATH} /usr/bin/python3 -W ignore:setup.py install is deprecated setup.py develop --uninstall --editable --build-directory /home/devin/Documents/Github-Projects/ROS2_Projects/ros2_ws/build/turtle_sim_navigation/build
[0.531s] running develop
[0.605s] Removing /home/devin/Documents/Github-Projects/ROS2_Projects/ros2_ws/install/turtle_sim_navigation/lib/python3.10/site-packages/turtle-sim-navigation.egg-link (link to .)
[0.639s] Invoked command in '/home/devin/Documents/Github-Projects/ROS2_Projects/ros2_ws/build/turtle_sim_navigation' returned '0': PYTHONPATH=/home/devin/Documents/Github-Projects/ROS2_Projects/ros2_ws/build/turtle_sim_navigation/prefix_override:/usr/lib/python3/dist-packages/colcon_core/task/python/colcon_distutils_commands:/home/devin/Documents/Github-Projects/ROS2_Projects/ros2_ws/install/turtle_sim_navigation/lib/python3.10/site-packages:${PYTHONPATH} /usr/bin/python3 -W ignore:setup.py install is deprecated setup.py develop --uninstall --editable --build-directory /home/devin/Documents/Github-Projects/ROS2_Projects/ros2_ws/build/turtle_sim_navigation/build
[0.640s] Invoking command in '/home/devin/Documents/Github-Projects/ROS2_Projects/ros2_ws/src/turtle_sim_navigation': PYTHONPATH=/home/devin/Documents/Github-Projects/ROS2_Projects/ros2_ws/build/turtle_sim_navigation/prefix_override:/usr/lib/python3/dist-packages/colcon_core/task/python/colcon_distutils_commands:/home/devin/Documents/Github-Projects/ROS2_Projects/ros2_ws/install/turtle_sim_navigation/lib/python3.10/site-packages:${PYTHONPATH} /usr/bin/python3 -W ignore:setup.py install is deprecated setup.py egg_info --egg-base ../../build/turtle_sim_navigation build --build-base /home/devin/Documents/Github-Projects/ROS2_Projects/ros2_ws/build/turtle_sim_navigation/build install --record /home/devin/Documents/Github-Projects/ROS2_Projects/ros2_ws/build/turtle_sim_navigation/install.log --single-version-externally-managed install_data --force
[0.772s] running egg_info
[0.772s] writing ../../build/turtle_sim_navigation/turtle_sim_navigation.egg-info/PKG-INFO
[0.773s] writing dependency_links to ../../build/turtle_sim_navigation/turtle_sim_navigation.egg-info/dependency_links.txt
[0.773s] writing entry points to ../../build/turtle_sim_navigation/turtle_sim_navigation.egg-info/entry_points.txt
[0.773s] writing requirements to ../../build/turtle_sim_navigation/turtle_sim_navigation.egg-info/requires.txt
[0.773s] writing top-level names to ../../build/turtle_sim_navigation/turtle_sim_navigation.egg-info/top_level.txt
[0.774s] reading manifest file '../../build/turtle_sim_navigation/turtle_sim_navigation.egg-info/SOURCES.txt'
[0.774s] writing manifest file '../../build/turtle_sim_navigation/turtle_sim_navigation.egg-info/SOURCES.txt'
[0.774s] running build
[0.775s] running build_py
[0.775s] copying turtle_sim_navigation/turtle_triangle.py -> /home/devin/Documents/Github-Projects/ROS2_Projects/ros2_ws/build/turtle_sim_navigation/build/lib/turtle_sim_navigation
[0.775s] copying turtle_sim_navigation/turtle_square.py -> /home/devin/Documents/Github-Projects/ROS2_Projects/ros2_ws/build/turtle_sim_navigation/build/lib/turtle_sim_navigation
[0.775s] running install
[0.775s] running install_lib
[0.775s] creating /home/devin/Documents/Github-Projects/ROS2_Projects/ros2_ws/install/turtle_sim_navigation/lib/python3.10/site-packages/turtle_sim_navigation
[0.776s] copying /home/devin/Documents/Github-Projects/ROS2_Projects/ros2_ws/build/turtle_sim_navigation/build/lib/turtle_sim_navigation/move_turtle.py -> /home/devin/Documents/Github-Projects/ROS2_Projects/ros2_ws/install/turtle_sim_navigation/lib/python3.10/site-packages/turtle_sim_navigation
[0.776s] copying /home/devin/Documents/Github-Projects/ROS2_Projects/ros2_ws/build/turtle_sim_navigation/build/lib/turtle_sim_navigation/set_direction_service.py -> /home/devin/Documents/Github-Projects/ROS2_Projects/ros2_ws/install/turtle_sim_navigation/lib/python3.10/site-packages/turtle_sim_navigation
[0.776s] copying /home/devin/Documents/Github-Projects/ROS2_Projects/ros2_ws/build/turtle_sim_navigation/build/lib/turtle_sim_navigation/turtle_triangle.py -> /home/devin/Documents/Github-Projects/ROS2_Projects/ros2_ws/install/turtle_sim_navigation/lib/python3.10/site-packages/turtle_sim_navigation
[0.776s] copying /home/devin/Documents/Github-Projects/ROS2_Projects/ros2_ws/build/turtle_sim_navigation/build/lib/turtle_sim_navigation/__init__.py -> /home/devin/Documents/Github-Projects/ROS2_Projects/ros2_ws/install/turtle_sim_navigation/lib/python3.10/site-packages/turtle_sim_navigation
[0.776s] copying /home/devin/Documents/Github-Projects/ROS2_Projects/ros2_ws/build/turtle_sim_navigation/build/lib/turtle_sim_navigation/turtle_square.py -> /home/devin/Documents/Github-Projects/ROS2_Projects/ros2_ws/install/turtle_sim_navigation/lib/python3.10/site-packages/turtle_sim_navigation
[0.776s] byte-compiling /home/devin/Documents/Github-Projects/ROS2_Projects/ros2_ws/install/turtle_sim_navigation/lib/python3.10/site-packages/turtle_sim_navigation/move_turtle.py to move_turtle.cpython-310.pyc
[0.777s] byte-compiling /home/devin/Documents/Github-Projects/ROS2_Projects/ros2_ws/install/turtle_sim_navigation/lib/python3.10/site-packages/turtle_sim_navigation/set_direction_service.py to set_direction_service.cpython-310.pyc
[0.777s] byte-compiling /home/devin/Documents/Github-Projects/ROS2_Projects/ros2_ws/install/turtle_sim_navigation/lib/python3.10/site-packages/turtle_sim_navigation/turtle_triangle.py to turtle_triangle.cpython-310.pyc
[0.777s] byte-compiling /home/devin/Documents/Github-Projects/ROS2_Projects/ros2_ws/install/turtle_sim_navigation/lib/python3.10/site-packages/turtle_sim_navigation/__init__.py to __init__.cpython-310.pyc
[0.777s] byte-compiling /home/devin/Documents/Github-Projects/ROS2_Projects/ros2_ws/install/turtle_sim_navigation/lib/python3.10/site-packages/turtle_sim_navigation/turtle_square.py to turtle_square.cpython-310.pyc
[0.777s] running install_data
[0.777s] copying resource/turtle_sim_navigation -> /home/devin/Documents/Github-Projects/ROS2_Projects/ros2_ws/install/turtle_sim_navigation/share/ament_index/resource_index/packages
[0.778s] copying package.xml -> /home/devin/Documents/Github-Projects/ROS2_Projects/ros2_ws/install/turtle_sim_navigation/share/turtle_sim_navigation
[0.778s] running install_egg_info
[0.779s] Copying ../../build/turtle_sim_navigation/turtle_sim_navigation.egg-info to /home/devin/Documents/Github-Projects/ROS2_Projects/ros2_ws/install/turtle_sim_navigation/lib/python3.10/site-packages/turtle_sim_navigation-0.0.0-py3.10.egg-info
[0.779s] running install_scripts
[0.793s] Installing square script to /home/devin/Documents/Github-Projects/ROS2_Projects/ros2_ws/install/turtle_sim_navigation/lib/turtle_sim_navigation
[0.793s] Installing triangle script to /home/devin/Documents/Github-Projects/ROS2_Projects/ros2_ws/install/turtle_sim_navigation/lib/turtle_sim_navigation
[0.793s] Installing turtle_client script to /home/devin/Documents/Github-Projects/ROS2_Projects/ros2_ws/install/turtle_sim_navigation/lib/turtle_sim_navigation
[0.793s] Installing turtle_service script to /home/devin/Documents/Github-Projects/ROS2_Projects/ros2_ws/install/turtle_sim_navigation/lib/turtle_sim_navigation
[0.793s] writing list of installed files to '/home/devin/Documents/Github-Projects/ROS2_Projects/ros2_ws/build/turtle_sim_navigation/install.log'
[0.821s] Invoked command in '/home/devin/Documents/Github-Projects/ROS2_Projects/ros2_ws/src/turtle_sim_navigation' returned '0': PYTHONPATH=/home/devin/Documents/Github-Projects/ROS2_Projects/ros2_ws/build/turtle_sim_navigation/prefix_override:/usr/lib/python3/dist-packages/colcon_core/task/python/colcon_distutils_commands:/home/devin/Documents/Github-Projects/ROS2_Projects/ros2_ws/install/turtle_sim_navigation/lib/python3.10/site-packages:${PYTHONPATH} /usr/bin/python3 -W ignore:setup.py install is deprecated setup.py egg_info --egg-base ../../build/turtle_sim_navigation build --build-base /home/devin/Documents/Github-Projects/ROS2_Projects/ros2_ws/build/turtle_sim_navigation/build install --record /home/devin/Documents/Github-Projects/ROS2_Projects/ros2_ws/build/turtle_sim_navigation/install.log --single-version-externally-managed install_data --force
