[0.918s] Invoking command in '/home/devin/Documents/Github-Projects/ROS2_Projects/ros2_ws/src/my_robot_controller': PYTHONPATH=/home/devin/Documents/Github-Projects/ROS2_Projects/ros2_ws/build/my_robot_controller/prefix_override:/usr/lib/python3/dist-packages/colcon_core/task/python/colcon_distutils_commands:/home/devin/Documents/Github-Projects/ROS2_Projects/ros2_ws/install/my_robot_controller/lib/python3.10/site-packages:${PYTHONPATH} /usr/bin/python3 -W ignore:setup.py install is deprecated setup.py egg_info --egg-base ../../build/my_robot_controller build --build-base /home/devin/Documents/Github-Projects/ROS2_Projects/ros2_ws/build/my_robot_controller/build install --record /home/devin/Documents/Github-Projects/ROS2_Projects/ros2_ws/build/my_robot_controller/install.log --single-version-externally-managed install_data
[1.063s] running egg_info
[1.063s] writing ../../build/my_robot_controller/my_robot_controller.egg-info/PKG-INFO
[1.063s] writing dependency_links to ../../build/my_robot_controller/my_robot_controller.egg-info/dependency_links.txt
[1.064s] writing entry points to ../../build/my_robot_controller/my_robot_controller.egg-info/entry_points.txt
[1.064s] writing requirements to ../../build/my_robot_controller/my_robot_controller.egg-info/requires.txt
[1.064s] writing top-level names to ../../build/my_robot_controller/my_robot_controller.egg-info/top_level.txt
[1.065s] reading manifest file '../../build/my_robot_controller/my_robot_controller.egg-info/SOURCES.txt'
[1.066s] writing manifest file '../../build/my_robot_controller/my_robot_controller.egg-info/SOURCES.txt'
[1.066s] running build
[1.066s] running build_py
[1.066s] running install
[1.066s] running install_lib
[1.067s] running install_data
[1.067s] running install_egg_info
[1.068s] removing '/home/devin/Documents/Github-Projects/ROS2_Projects/ros2_ws/install/my_robot_controller/lib/python3.10/site-packages/my_robot_controller-0.0.0-py3.10.egg-info' (and everything under it)
[1.069s] Copying ../../build/my_robot_controller/my_robot_controller.egg-info to /home/devin/Documents/Github-Projects/ROS2_Projects/ros2_ws/install/my_robot_controller/lib/python3.10/site-packages/my_robot_controller-0.0.0-py3.10.egg-info
[1.069s] running install_scripts
[1.084s] Installing test_node script to /home/devin/Documents/Github-Projects/ROS2_Projects/ros2_ws/install/my_robot_controller/lib/my_robot_controller
[1.084s] writing list of installed files to '/home/devin/Documents/Github-Projects/ROS2_Projects/ros2_ws/build/my_robot_controller/install.log'
[1.148s] Invoked command in '/home/devin/Documents/Github-Projects/ROS2_Projects/ros2_ws/src/my_robot_controller' returned '0': PYTHONPATH=/home/devin/Documents/Github-Projects/ROS2_Projects/ros2_ws/build/my_robot_controller/prefix_override:/usr/lib/python3/dist-packages/colcon_core/task/python/colcon_distutils_commands:/home/devin/Documents/Github-Projects/ROS2_Projects/ros2_ws/install/my_robot_controller/lib/python3.10/site-packages:${PYTHONPATH} /usr/bin/python3 -W ignore:setup.py install is deprecated setup.py egg_info --egg-base ../../build/my_robot_controller build --build-base /home/devin/Documents/Github-Projects/ROS2_Projects/ros2_ws/build/my_robot_controller/build install --record /home/devin/Documents/Github-Projects/ROS2_Projects/ros2_ws/build/my_robot_controller/install.log --single-version-externally-managed install_data
