[0.345s] Invoking command in '/home/devin/ros2_ws/src/my_robot_controller': PYTHONPATH=/home/devin/ros2_ws/build/my_robot_controller/prefix_override:/usr/lib/python3/dist-packages/colcon_core/task/python/colcon_distutils_commands:/home/devin/ros2_ws/install/my_robot_controller/lib/python3.10/site-packages:${PYTHONPATH} /usr/bin/python3 -W ignore:setup.py install is deprecated setup.py egg_info --egg-base ../../build/my_robot_controller build --build-base /home/devin/ros2_ws/build/my_robot_controller/build install --record /home/devin/ros2_ws/build/my_robot_controller/install.log --single-version-externally-managed install_data
[0.469s] running egg_info
[0.469s] writing ../../build/my_robot_controller/my_robot_controller.egg-info/PKG-INFO
[0.470s] writing dependency_links to ../../build/my_robot_controller/my_robot_controller.egg-info/dependency_links.txt
[0.470s] writing entry points to ../../build/my_robot_controller/my_robot_controller.egg-info/entry_points.txt
[0.470s] writing requirements to ../../build/my_robot_controller/my_robot_controller.egg-info/requires.txt
[0.470s] writing top-level names to ../../build/my_robot_controller/my_robot_controller.egg-info/top_level.txt
[0.471s] reading manifest file '../../build/my_robot_controller/my_robot_controller.egg-info/SOURCES.txt'
[0.472s] writing manifest file '../../build/my_robot_controller/my_robot_controller.egg-info/SOURCES.txt'
[0.472s] running build
[0.472s] running build_py
[0.473s] copying my_robot_controller/my_first_node.py -> /home/devin/ros2_ws/build/my_robot_controller/build/lib/my_robot_controller
[0.473s] running install
[0.473s] running install_lib
[0.473s] copying /home/devin/ros2_ws/build/my_robot_controller/build/lib/my_robot_controller/my_first_node.py -> /home/devin/ros2_ws/install/my_robot_controller/lib/python3.10/site-packages/my_robot_controller
[0.474s] byte-compiling /home/devin/ros2_ws/install/my_robot_controller/lib/python3.10/site-packages/my_robot_controller/my_first_node.py to my_first_node.cpython-310.pyc
[0.474s] running install_data
[0.474s] running install_egg_info
[0.476s] removing '/home/devin/ros2_ws/install/my_robot_controller/lib/python3.10/site-packages/my_robot_controller-0.0.0-py3.10.egg-info' (and everything under it)
[0.476s] Copying ../../build/my_robot_controller/my_robot_controller.egg-info to /home/devin/ros2_ws/install/my_robot_controller/lib/python3.10/site-packages/my_robot_controller-0.0.0-py3.10.egg-info
[0.477s] running install_scripts
[0.495s] Installing test_node script to /home/devin/ros2_ws/install/my_robot_controller/lib/my_robot_controller
[0.495s] writing list of installed files to '/home/devin/ros2_ws/build/my_robot_controller/install.log'
[0.524s] Invoked command in '/home/devin/ros2_ws/src/my_robot_controller' returned '0': PYTHONPATH=/home/devin/ros2_ws/build/my_robot_controller/prefix_override:/usr/lib/python3/dist-packages/colcon_core/task/python/colcon_distutils_commands:/home/devin/ros2_ws/install/my_robot_controller/lib/python3.10/site-packages:${PYTHONPATH} /usr/bin/python3 -W ignore:setup.py install is deprecated setup.py egg_info --egg-base ../../build/my_robot_controller build --build-base /home/devin/ros2_ws/build/my_robot_controller/build install --record /home/devin/ros2_ws/build/my_robot_controller/install.log --single-version-externally-managed install_data
