[0.752s] Invoking command in '/home/devin/Documents/Github-Projects/ROS2_Projects/ros2_ws/src/my_robot_controller': PYTHONPATH=/home/devin/Documents/Github-Projects/ROS2_Projects/ros2_ws/build/my_robot_controller/prefix_override:/usr/lib/python3/dist-packages/colcon_core/task/python/colcon_distutils_commands:/home/devin/Documents/Github-Projects/ROS2_Projects/ros2_ws/install/my_robot_controller/lib/python3.10/site-packages:${PYTHONPATH} /usr/bin/python3 -W ignore:setup.py install is deprecated setup.py egg_info --egg-base ../../build/my_robot_controller build --build-base /home/devin/Documents/Github-Projects/ROS2_Projects/ros2_ws/build/my_robot_controller/build install --record /home/devin/Documents/Github-Projects/ROS2_Projects/ros2_ws/build/my_robot_controller/install.log --single-version-externally-managed install_data
[0.890s] running egg_info
[0.890s] writing ../../build/my_robot_controller/my_robot_controller.egg-info/PKG-INFO
[0.891s] writing dependency_links to ../../build/my_robot_controller/my_robot_controller.egg-info/dependency_links.txt
[0.891s] writing entry points to ../../build/my_robot_controller/my_robot_controller.egg-info/entry_points.txt
[0.891s] writing requirements to ../../build/my_robot_controller/my_robot_controller.egg-info/requires.txt
[0.891s] writing top-level names to ../../build/my_robot_controller/my_robot_controller.egg-info/top_level.txt
[0.892s] reading manifest file '../../build/my_robot_controller/my_robot_controller.egg-info/SOURCES.txt'
[0.900s] writing manifest file '../../build/my_robot_controller/my_robot_controller.egg-info/SOURCES.txt'
[0.901s] running build
[0.901s] running build_py
[0.901s] running install
[0.901s] running install_lib
[0.902s] running install_data
[0.902s] running install_egg_info
[0.903s] removing '/home/devin/Documents/Github-Projects/ROS2_Projects/ros2_ws/install/my_robot_controller/lib/python3.10/site-packages/my_robot_controller-0.0.0-py3.10.egg-info' (and everything under it)
[0.903s] Copying ../../build/my_robot_controller/my_robot_controller.egg-info to /home/devin/Documents/Github-Projects/ROS2_Projects/ros2_ws/install/my_robot_controller/lib/python3.10/site-packages/my_robot_controller-0.0.0-py3.10.egg-info
[0.904s] running install_scripts
[0.918s] Installing test_node script to /home/devin/Documents/Github-Projects/ROS2_Projects/ros2_ws/install/my_robot_controller/lib/my_robot_controller
[0.918s] writing list of installed files to '/home/devin/Documents/Github-Projects/ROS2_Projects/ros2_ws/build/my_robot_controller/install.log'
[0.980s] Invoked command in '/home/devin/Documents/Github-Projects/ROS2_Projects/ros2_ws/src/my_robot_controller' returned '0': PYTHONPATH=/home/devin/Documents/Github-Projects/ROS2_Projects/ros2_ws/build/my_robot_controller/prefix_override:/usr/lib/python3/dist-packages/colcon_core/task/python/colcon_distutils_commands:/home/devin/Documents/Github-Projects/ROS2_Projects/ros2_ws/install/my_robot_controller/lib/python3.10/site-packages:${PYTHONPATH} /usr/bin/python3 -W ignore:setup.py install is deprecated setup.py egg_info --egg-base ../../build/my_robot_controller build --build-base /home/devin/Documents/Github-Projects/ROS2_Projects/ros2_ws/build/my_robot_controller/build install --record /home/devin/Documents/Github-Projects/ROS2_Projects/ros2_ws/build/my_robot_controller/install.log --single-version-externally-managed install_data
