[0.376s] Invoking command in '/home/devin/Documents/Github-Projects/ros2_ws/build/my_robot_controller': PYTHONPATH=/home/devin/Documents/Github-Projects/ros2_ws/build/my_robot_controller/prefix_override:/usr/lib/python3/dist-packages/colcon_core/task/python/colcon_distutils_commands:/home/devin/Documents/Github-Projects/ros2_ws/install/my_robot_controller/lib/python3.10/site-packages:${PYTHONPATH} /usr/bin/python3 -W ignore:setup.py install is deprecated setup.py develop --uninstall --editable --build-directory /home/devin/Documents/Github-Projects/ros2_ws/build/my_robot_controller/build
[0.525s] running develop
[0.596s] Removing /home/devin/Documents/Github-Projects/ros2_ws/install/my_robot_controller/lib/python3.10/site-packages/my-robot-controller.egg-link (link to .)
[0.626s] Invoked command in '/home/devin/Documents/Github-Projects/ros2_ws/build/my_robot_controller' returned '0': PYTHONPATH=/home/devin/Documents/Github-Projects/ros2_ws/build/my_robot_controller/prefix_override:/usr/lib/python3/dist-packages/colcon_core/task/python/colcon_distutils_commands:/home/devin/Documents/Github-Projects/ros2_ws/install/my_robot_controller/lib/python3.10/site-packages:${PYTHONPATH} /usr/bin/python3 -W ignore:setup.py install is deprecated setup.py develop --uninstall --editable --build-directory /home/devin/Documents/Github-Projects/ros2_ws/build/my_robot_controller/build
[0.628s] Invoking command in '/home/devin/Documents/Github-Projects/ros2_ws/src/my_robot_controller': PYTHONPATH=/home/devin/Documents/Github-Projects/ros2_ws/build/my_robot_controller/prefix_override:/usr/lib/python3/dist-packages/colcon_core/task/python/colcon_distutils_commands:/home/devin/Documents/Github-Projects/ros2_ws/install/my_robot_controller/lib/python3.10/site-packages:${PYTHONPATH} /usr/bin/python3 -W ignore:setup.py install is deprecated setup.py egg_info --egg-base ../../build/my_robot_controller build --build-base /home/devin/Documents/Github-Projects/ros2_ws/build/my_robot_controller/build install --record /home/devin/Documents/Github-Projects/ros2_ws/build/my_robot_controller/install.log --single-version-externally-managed install_data --force
[0.754s] running egg_info
[0.754s] writing ../../build/my_robot_controller/my_robot_controller.egg-info/PKG-INFO
[0.754s] writing dependency_links to ../../build/my_robot_controller/my_robot_controller.egg-info/dependency_links.txt
[0.755s] writing entry points to ../../build/my_robot_controller/my_robot_controller.egg-info/entry_points.txt
[0.755s] writing requirements to ../../build/my_robot_controller/my_robot_controller.egg-info/requires.txt
[0.755s] writing top-level names to ../../build/my_robot_controller/my_robot_controller.egg-info/top_level.txt
[0.756s] reading manifest file '../../build/my_robot_controller/my_robot_controller.egg-info/SOURCES.txt'
[0.756s] writing manifest file '../../build/my_robot_controller/my_robot_controller.egg-info/SOURCES.txt'
[0.756s] running build
[0.757s] running build_py
[0.757s] running install
[0.757s] running install_lib
[0.757s] creating /home/devin/Documents/Github-Projects/ros2_ws/install/my_robot_controller/lib/python3.10/site-packages/my_robot_controller
[0.757s] copying /home/devin/Documents/Github-Projects/ros2_ws/build/my_robot_controller/build/lib/my_robot_controller/my_first_node.py -> /home/devin/Documents/Github-Projects/ros2_ws/install/my_robot_controller/lib/python3.10/site-packages/my_robot_controller
[0.757s] copying /home/devin/Documents/Github-Projects/ros2_ws/build/my_robot_controller/build/lib/my_robot_controller/__init__.py -> /home/devin/Documents/Github-Projects/ros2_ws/install/my_robot_controller/lib/python3.10/site-packages/my_robot_controller
[0.758s] byte-compiling /home/devin/Documents/Github-Projects/ros2_ws/install/my_robot_controller/lib/python3.10/site-packages/my_robot_controller/my_first_node.py to my_first_node.cpython-310.pyc
[0.758s] byte-compiling /home/devin/Documents/Github-Projects/ros2_ws/install/my_robot_controller/lib/python3.10/site-packages/my_robot_controller/__init__.py to __init__.cpython-310.pyc
[0.758s] running install_data
[0.758s] copying resource/my_robot_controller -> /home/devin/Documents/Github-Projects/ros2_ws/install/my_robot_controller/share/ament_index/resource_index/packages
[0.758s] copying package.xml -> /home/devin/Documents/Github-Projects/ros2_ws/install/my_robot_controller/share/my_robot_controller
[0.758s] running install_egg_info
[0.759s] Copying ../../build/my_robot_controller/my_robot_controller.egg-info to /home/devin/Documents/Github-Projects/ros2_ws/install/my_robot_controller/lib/python3.10/site-packages/my_robot_controller-0.0.0-py3.10.egg-info
[0.760s] running install_scripts
[0.772s] Installing test_node script to /home/devin/Documents/Github-Projects/ros2_ws/install/my_robot_controller/lib/my_robot_controller
[0.772s] writing list of installed files to '/home/devin/Documents/Github-Projects/ros2_ws/build/my_robot_controller/install.log'
[0.794s] Invoked command in '/home/devin/Documents/Github-Projects/ros2_ws/src/my_robot_controller' returned '0': PYTHONPATH=/home/devin/Documents/Github-Projects/ros2_ws/build/my_robot_controller/prefix_override:/usr/lib/python3/dist-packages/colcon_core/task/python/colcon_distutils_commands:/home/devin/Documents/Github-Projects/ros2_ws/install/my_robot_controller/lib/python3.10/site-packages:${PYTHONPATH} /usr/bin/python3 -W ignore:setup.py install is deprecated setup.py egg_info --egg-base ../../build/my_robot_controller build --build-base /home/devin/Documents/Github-Projects/ros2_ws/build/my_robot_controller/build install --record /home/devin/Documents/Github-Projects/ros2_ws/build/my_robot_controller/install.log --single-version-externally-managed install_data --force
