[0.457s] Invoking command in '/home/devin/Documents/Github-Projects/ROS2_Projects/ros2_ws/src/publisher_package': PYTHONPATH=/home/devin/Documents/Github-Projects/ROS2_Projects/ros2_ws/build/publisher_package/prefix_override:/usr/lib/python3/dist-packages/colcon_core/task/python/colcon_distutils_commands:/home/devin/Documents/Github-Projects/ROS2_Projects/ros2_ws/install/publisher_package/lib/python3.10/site-packages:${PYTHONPATH} /usr/bin/python3 -W ignore:setup.py install is deprecated setup.py egg_info --egg-base ../../build/publisher_package build --build-base /home/devin/Documents/Github-Projects/ROS2_Projects/ros2_ws/build/publisher_package/build install --record /home/devin/Documents/Github-Projects/ROS2_Projects/ros2_ws/build/publisher_package/install.log --single-version-externally-managed install_data
[0.590s] running egg_info
[0.590s] writing ../../build/publisher_package/publisher_package.egg-info/PKG-INFO
[0.590s] writing dependency_links to ../../build/publisher_package/publisher_package.egg-info/dependency_links.txt
[0.590s] writing entry points to ../../build/publisher_package/publisher_package.egg-info/entry_points.txt
[0.590s] writing requirements to ../../build/publisher_package/publisher_package.egg-info/requires.txt
[0.591s] writing top-level names to ../../build/publisher_package/publisher_package.egg-info/top_level.txt
[0.591s] reading manifest file '../../build/publisher_package/publisher_package.egg-info/SOURCES.txt'
[0.592s] writing manifest file '../../build/publisher_package/publisher_package.egg-info/SOURCES.txt'
[0.592s] running build
[0.592s] running build_py
[0.592s] running install
[0.592s] running install_lib
[0.593s] running install_data
[0.593s] running install_egg_info
[0.594s] removing '/home/devin/Documents/Github-Projects/ROS2_Projects/ros2_ws/install/publisher_package/lib/python3.10/site-packages/publisher_package-0.0.0-py3.10.egg-info' (and everything under it)
[0.594s] Copying ../../build/publisher_package/publisher_package.egg-info to /home/devin/Documents/Github-Projects/ROS2_Projects/ros2_ws/install/publisher_package/lib/python3.10/site-packages/publisher_package-0.0.0-py3.10.egg-info
[0.594s] running install_scripts
[0.606s] Installing image_publisher script to /home/devin/Documents/Github-Projects/ROS2_Projects/ros2_ws/install/publisher_package/lib/publisher_package
[0.606s] Installing image_subscriber script to /home/devin/Documents/Github-Projects/ROS2_Projects/ros2_ws/install/publisher_package/lib/publisher_package
[0.606s] writing list of installed files to '/home/devin/Documents/Github-Projects/ROS2_Projects/ros2_ws/build/publisher_package/install.log'
[0.626s] Invoked command in '/home/devin/Documents/Github-Projects/ROS2_Projects/ros2_ws/src/publisher_package' returned '0': PYTHONPATH=/home/devin/Documents/Github-Projects/ROS2_Projects/ros2_ws/build/publisher_package/prefix_override:/usr/lib/python3/dist-packages/colcon_core/task/python/colcon_distutils_commands:/home/devin/Documents/Github-Projects/ROS2_Projects/ros2_ws/install/publisher_package/lib/python3.10/site-packages:${PYTHONPATH} /usr/bin/python3 -W ignore:setup.py install is deprecated setup.py egg_info --egg-base ../../build/publisher_package build --build-base /home/devin/Documents/Github-Projects/ROS2_Projects/ros2_ws/build/publisher_package/build install --record /home/devin/Documents/Github-Projects/ROS2_Projects/ros2_ws/build/publisher_package/install.log --single-version-externally-managed install_data
