[0.768s] Invoking command in '/home/devin/Documents/Github-Projects/ROS2_Projects/ros2_ws/src/simple_pub_sub': PYTHONPATH=/home/devin/Documents/Github-Projects/ROS2_Projects/ros2_ws/build/simple_pub_sub/prefix_override:/usr/lib/python3/dist-packages/colcon_core/task/python/colcon_distutils_commands:/home/devin/Documents/Github-Projects/ROS2_Projects/ros2_ws/install/simple_pub_sub/lib/python3.10/site-packages:${PYTHONPATH} /usr/bin/python3 -W ignore:setup.py install is deprecated setup.py egg_info --egg-base ../../build/simple_pub_sub build --build-base /home/devin/Documents/Github-Projects/ROS2_Projects/ros2_ws/build/simple_pub_sub/build install --record /home/devin/Documents/Github-Projects/ROS2_Projects/ros2_ws/build/simple_pub_sub/install.log --single-version-externally-managed install_data
[0.906s] running egg_info
[0.906s] creating ../../build/simple_pub_sub/simple_pub_sub.egg-info
[0.906s] writing ../../build/simple_pub_sub/simple_pub_sub.egg-info/PKG-INFO
[0.906s] writing dependency_links to ../../build/simple_pub_sub/simple_pub_sub.egg-info/dependency_links.txt
[0.907s] writing entry points to ../../build/simple_pub_sub/simple_pub_sub.egg-info/entry_points.txt
[0.907s] writing requirements to ../../build/simple_pub_sub/simple_pub_sub.egg-info/requires.txt
[0.907s] writing top-level names to ../../build/simple_pub_sub/simple_pub_sub.egg-info/top_level.txt
[0.907s] writing manifest file '../../build/simple_pub_sub/simple_pub_sub.egg-info/SOURCES.txt'
[0.908s] reading manifest file '../../build/simple_pub_sub/simple_pub_sub.egg-info/SOURCES.txt'
[0.908s] writing manifest file '../../build/simple_pub_sub/simple_pub_sub.egg-info/SOURCES.txt'
[0.908s] running build
[0.908s] running build_py
[0.908s] creating /home/devin/Documents/Github-Projects/ROS2_Projects/ros2_ws/build/simple_pub_sub/build
[0.908s] creating /home/devin/Documents/Github-Projects/ROS2_Projects/ros2_ws/build/simple_pub_sub/build/lib
[0.908s] creating /home/devin/Documents/Github-Projects/ROS2_Projects/ros2_ws/build/simple_pub_sub/build/lib/simple_pub_sub
[0.908s] copying simple_pub_sub/__init__.py -> /home/devin/Documents/Github-Projects/ROS2_Projects/ros2_ws/build/simple_pub_sub/build/lib/simple_pub_sub
[0.909s] copying simple_pub_sub/sub.py -> /home/devin/Documents/Github-Projects/ROS2_Projects/ros2_ws/build/simple_pub_sub/build/lib/simple_pub_sub
[0.909s] copying simple_pub_sub/pub.py -> /home/devin/Documents/Github-Projects/ROS2_Projects/ros2_ws/build/simple_pub_sub/build/lib/simple_pub_sub
[0.909s] running install
[0.909s] running install_lib
[0.909s] creating /home/devin/Documents/Github-Projects/ROS2_Projects/ros2_ws/install/simple_pub_sub/lib/python3.10/site-packages/simple_pub_sub
[0.909s] copying /home/devin/Documents/Github-Projects/ROS2_Projects/ros2_ws/build/simple_pub_sub/build/lib/simple_pub_sub/__init__.py -> /home/devin/Documents/Github-Projects/ROS2_Projects/ros2_ws/install/simple_pub_sub/lib/python3.10/site-packages/simple_pub_sub
[0.909s] copying /home/devin/Documents/Github-Projects/ROS2_Projects/ros2_ws/build/simple_pub_sub/build/lib/simple_pub_sub/sub.py -> /home/devin/Documents/Github-Projects/ROS2_Projects/ros2_ws/install/simple_pub_sub/lib/python3.10/site-packages/simple_pub_sub
[0.909s] copying /home/devin/Documents/Github-Projects/ROS2_Projects/ros2_ws/build/simple_pub_sub/build/lib/simple_pub_sub/pub.py -> /home/devin/Documents/Github-Projects/ROS2_Projects/ros2_ws/install/simple_pub_sub/lib/python3.10/site-packages/simple_pub_sub
[0.910s] byte-compiling /home/devin/Documents/Github-Projects/ROS2_Projects/ros2_ws/install/simple_pub_sub/lib/python3.10/site-packages/simple_pub_sub/__init__.py to __init__.cpython-310.pyc
[0.910s] byte-compiling /home/devin/Documents/Github-Projects/ROS2_Projects/ros2_ws/install/simple_pub_sub/lib/python3.10/site-packages/simple_pub_sub/sub.py to sub.cpython-310.pyc
[0.910s] byte-compiling /home/devin/Documents/Github-Projects/ROS2_Projects/ros2_ws/install/simple_pub_sub/lib/python3.10/site-packages/simple_pub_sub/pub.py to pub.cpython-310.pyc
[0.910s] running install_data
[0.910s] creating /home/devin/Documents/Github-Projects/ROS2_Projects/ros2_ws/install/simple_pub_sub/share/ament_index
[0.910s] creating /home/devin/Documents/Github-Projects/ROS2_Projects/ros2_ws/install/simple_pub_sub/share/ament_index/resource_index
[0.911s] creating /home/devin/Documents/Github-Projects/ROS2_Projects/ros2_ws/install/simple_pub_sub/share/ament_index/resource_index/packages
[0.911s] copying resource/simple_pub_sub -> /home/devin/Documents/Github-Projects/ROS2_Projects/ros2_ws/install/simple_pub_sub/share/ament_index/resource_index/packages
[0.911s] copying package.xml -> /home/devin/Documents/Github-Projects/ROS2_Projects/ros2_ws/install/simple_pub_sub/share/simple_pub_sub
[0.911s] running install_egg_info
[0.912s] Copying ../../build/simple_pub_sub/simple_pub_sub.egg-info to /home/devin/Documents/Github-Projects/ROS2_Projects/ros2_ws/install/simple_pub_sub/lib/python3.10/site-packages/simple_pub_sub-0.0.0-py3.10.egg-info
[0.912s] running install_scripts
[0.929s] Installing talker = simple_pub_sub.pub:mainlistener script to /home/devin/Documents/Github-Projects/ROS2_Projects/ros2_ws/install/simple_pub_sub/lib/simple_pub_sub
[0.929s] writing list of installed files to '/home/devin/Documents/Github-Projects/ROS2_Projects/ros2_ws/build/simple_pub_sub/install.log'
[0.976s] Invoked command in '/home/devin/Documents/Github-Projects/ROS2_Projects/ros2_ws/src/simple_pub_sub' returned '0': PYTHONPATH=/home/devin/Documents/Github-Projects/ROS2_Projects/ros2_ws/build/simple_pub_sub/prefix_override:/usr/lib/python3/dist-packages/colcon_core/task/python/colcon_distutils_commands:/home/devin/Documents/Github-Projects/ROS2_Projects/ros2_ws/install/simple_pub_sub/lib/python3.10/site-packages:${PYTHONPATH} /usr/bin/python3 -W ignore:setup.py install is deprecated setup.py egg_info --egg-base ../../build/simple_pub_sub build --build-base /home/devin/Documents/Github-Projects/ROS2_Projects/ros2_ws/build/simple_pub_sub/build install --record /home/devin/Documents/Github-Projects/ROS2_Projects/ros2_ws/build/simple_pub_sub/install.log --single-version-externally-managed install_data
