[0.708s] Invoking command in '/home/devin/Documents/Github-Projects/ROS2_Projects/ros2_ws/src/simple_pub_sub': PYTHONPATH=/home/devin/Documents/Github-Projects/ROS2_Projects/ros2_ws/build/simple_pub_sub/prefix_override:/usr/lib/python3/dist-packages/colcon_core/task/python/colcon_distutils_commands:/home/devin/Documents/Github-Projects/ROS2_Projects/ros2_ws/install/simple_pub_sub/lib/python3.10/site-packages:${PYTHONPATH} /usr/bin/python3 -W ignore:setup.py install is deprecated setup.py egg_info --egg-base ../../build/simple_pub_sub build --build-base /home/devin/Documents/Github-Projects/ROS2_Projects/ros2_ws/build/simple_pub_sub/build install --record /home/devin/Documents/Github-Projects/ROS2_Projects/ros2_ws/build/simple_pub_sub/install.log --single-version-externally-managed install_data
[0.849s] running egg_info
[0.849s] writing ../../build/simple_pub_sub/simple_pub_sub.egg-info/PKG-INFO
[0.850s] writing dependency_links to ../../build/simple_pub_sub/simple_pub_sub.egg-info/dependency_links.txt
[0.850s] writing entry points to ../../build/simple_pub_sub/simple_pub_sub.egg-info/entry_points.txt
[0.850s] writing requirements to ../../build/simple_pub_sub/simple_pub_sub.egg-info/requires.txt
[0.850s] writing top-level names to ../../build/simple_pub_sub/simple_pub_sub.egg-info/top_level.txt
[0.850s] reading manifest file '../../build/simple_pub_sub/simple_pub_sub.egg-info/SOURCES.txt'
[0.851s] writing manifest file '../../build/simple_pub_sub/simple_pub_sub.egg-info/SOURCES.txt'
[0.851s] running build
[0.851s] running build_py
[0.851s] running install
[0.851s] running install_lib
[0.852s] running install_data
[0.852s] running install_egg_info
[0.853s] removing '/home/devin/Documents/Github-Projects/ROS2_Projects/ros2_ws/install/simple_pub_sub/lib/python3.10/site-packages/simple_pub_sub-0.0.0-py3.10.egg-info' (and everything under it)
[0.854s] Copying ../../build/simple_pub_sub/simple_pub_sub.egg-info to /home/devin/Documents/Github-Projects/ROS2_Projects/ros2_ws/install/simple_pub_sub/lib/python3.10/site-packages/simple_pub_sub-0.0.0-py3.10.egg-info
[0.854s] running install_scripts
[0.868s] Installing talker = simple_pub_sub.pub:mainlistener script to /home/devin/Documents/Github-Projects/ROS2_Projects/ros2_ws/install/simple_pub_sub/lib/simple_pub_sub
[0.869s] writing list of installed files to '/home/devin/Documents/Github-Projects/ROS2_Projects/ros2_ws/build/simple_pub_sub/install.log'
[0.913s] Invoked command in '/home/devin/Documents/Github-Projects/ROS2_Projects/ros2_ws/src/simple_pub_sub' returned '0': PYTHONPATH=/home/devin/Documents/Github-Projects/ROS2_Projects/ros2_ws/build/simple_pub_sub/prefix_override:/usr/lib/python3/dist-packages/colcon_core/task/python/colcon_distutils_commands:/home/devin/Documents/Github-Projects/ROS2_Projects/ros2_ws/install/simple_pub_sub/lib/python3.10/site-packages:${PYTHONPATH} /usr/bin/python3 -W ignore:setup.py install is deprecated setup.py egg_info --egg-base ../../build/simple_pub_sub build --build-base /home/devin/Documents/Github-Projects/ROS2_Projects/ros2_ws/build/simple_pub_sub/build install --record /home/devin/Documents/Github-Projects/ROS2_Projects/ros2_ws/build/simple_pub_sub/install.log --single-version-externally-managed install_data
