[0.951s] Invoking command in '/home/devin/Documents/Github-Projects/ROS2_Projects/ros2_ws/build/publisher_package': PYTHONPATH=/home/devin/Documents/Github-Projects/ROS2_Projects/ros2_ws/build/publisher_package/prefix_override:/usr/lib/python3/dist-packages/colcon_core/task/python/colcon_distutils_commands:/home/devin/Documents/Github-Projects/ROS2_Projects/ros2_ws/install/publisher_package/lib/python3.10/site-packages:${PYTHONPATH} /usr/bin/python3 -W ignore:setup.py install is deprecated setup.py develop --editable --build-directory /home/devin/Documents/Github-Projects/ROS2_Projects/ros2_ws/build/publisher_package/build --no-deps symlink_data --force
[1.107s] running develop
[1.186s] running egg_info
[1.187s] writing publisher_package.egg-info/PKG-INFO
[1.187s] writing dependency_links to publisher_package.egg-info/dependency_links.txt
[1.187s] writing entry points to publisher_package.egg-info/entry_points.txt
[1.187s] writing requirements to publisher_package.egg-info/requires.txt
[1.187s] writing top-level names to publisher_package.egg-info/top_level.txt
[1.189s] reading manifest file 'publisher_package.egg-info/SOURCES.txt'
[1.189s] writing manifest file 'publisher_package.egg-info/SOURCES.txt'
[1.190s] running build_ext
[1.191s] Creating /home/devin/Documents/Github-Projects/ROS2_Projects/ros2_ws/install/publisher_package/lib/python3.10/site-packages/publisher-package.egg-link (link to .)
[1.191s] Installing image_publisher script to /home/devin/Documents/Github-Projects/ROS2_Projects/ros2_ws/install/publisher_package/lib/publisher_package
[1.192s] Installing image_subscriber script to /home/devin/Documents/Github-Projects/ROS2_Projects/ros2_ws/install/publisher_package/lib/publisher_package
[1.192s] 
[1.192s] Installed /home/devin/Documents/Github-Projects/ROS2_Projects/ros2_ws/build/publisher_package
[1.192s] running symlink_data
[1.192s] symbolically linking /home/devin/Documents/Github-Projects/ROS2_Projects/ros2_ws/build/publisher_package/resource/publisher_package -> /home/devin/Documents/Github-Projects/ROS2_Projects/ros2_ws/install/publisher_package/share/ament_index/resource_index/packages
[1.192s] symbolically linking /home/devin/Documents/Github-Projects/ROS2_Projects/ros2_ws/build/publisher_package/package.xml -> /home/devin/Documents/Github-Projects/ROS2_Projects/ros2_ws/install/publisher_package/share/publisher_package
[1.259s] Invoked command in '/home/devin/Documents/Github-Projects/ROS2_Projects/ros2_ws/build/publisher_package' returned '0': PYTHONPATH=/home/devin/Documents/Github-Projects/ROS2_Projects/ros2_ws/build/publisher_package/prefix_override:/usr/lib/python3/dist-packages/colcon_core/task/python/colcon_distutils_commands:/home/devin/Documents/Github-Projects/ROS2_Projects/ros2_ws/install/publisher_package/lib/python3.10/site-packages:${PYTHONPATH} /usr/bin/python3 -W ignore:setup.py install is deprecated setup.py develop --editable --build-directory /home/devin/Documents/Github-Projects/ROS2_Projects/ros2_ws/build/publisher_package/build --no-deps symlink_data --force
