running egg_info
writing ../../build/publisher_package/publisher_package.egg-info/PKG-INFO
writing dependency_links to ../../build/publisher_package/publisher_package.egg-info/dependency_links.txt
writing entry points to ../../build/publisher_package/publisher_package.egg-info/entry_points.txt
writing requirements to ../../build/publisher_package/publisher_package.egg-info/requires.txt
writing top-level names to ../../build/publisher_package/publisher_package.egg-info/top_level.txt
reading manifest file '../../build/publisher_package/publisher_package.egg-info/SOURCES.txt'
writing manifest file '../../build/publisher_package/publisher_package.egg-info/SOURCES.txt'
running build
running build_py
copying publisher_package/image_publisher.py -> /home/devin/Documents/Github-Projects/ROS2_Projects/ros2_ws/build/publisher_package/build/lib/publisher_package
copying publisher_package/image_subscriber.py -> /home/devin/Documents/Github-Projects/ROS2_Projects/ros2_ws/build/publisher_package/build/lib/publisher_package
running install
running install_lib
copying /home/devin/Documents/Github-Projects/ROS2_Projects/ros2_ws/build/publisher_package/build/lib/publisher_package/image_publisher.py -> /home/devin/Documents/Github-Projects/ROS2_Projects/ros2_ws/install/publisher_package/lib/python3.10/site-packages/publisher_package
copying /home/devin/Documents/Github-Projects/ROS2_Projects/ros2_ws/build/publisher_package/build/lib/publisher_package/image_subscriber.py -> /home/devin/Documents/Github-Projects/ROS2_Projects/ros2_ws/install/publisher_package/lib/python3.10/site-packages/publisher_package
byte-compiling /home/devin/Documents/Github-Projects/ROS2_Projects/ros2_ws/install/publisher_package/lib/python3.10/site-packages/publisher_package/image_publisher.py to image_publisher.cpython-310.pyc
byte-compiling /home/devin/Documents/Github-Projects/ROS2_Projects/ros2_ws/install/publisher_package/lib/python3.10/site-packages/publisher_package/image_subscriber.py to image_subscriber.cpython-310.pyc
running install_data
running install_egg_info
removing '/home/devin/Documents/Github-Projects/ROS2_Projects/ros2_ws/install/publisher_package/lib/python3.10/site-packages/publisher_package-0.0.0-py3.10.egg-info' (and everything under it)
Copying ../../build/publisher_package/publisher_package.egg-info to /home/devin/Documents/Github-Projects/ROS2_Projects/ros2_ws/install/publisher_package/lib/python3.10/site-packages/publisher_package-0.0.0-py3.10.egg-info
running install_scripts
Installing image_publisher script to /home/devin/Documents/Github-Projects/ROS2_Projects/ros2_ws/install/publisher_package/lib/publisher_package
Installing image_subscriber script to /home/devin/Documents/Github-Projects/ROS2_Projects/ros2_ws/install/publisher_package/lib/publisher_package
writing list of installed files to '/home/devin/Documents/Github-Projects/ROS2_Projects/ros2_ws/build/publisher_package/install.log'
