[0.333s] Invoking command in '/home/devin/ros2_ws/src/my_robot_controller': PYTHONPATH=/home/devin/ros2_ws/build/my_robot_controller/prefix_override:/usr/lib/python3/dist-packages/colcon_core/task/python/colcon_distutils_commands:/home/devin/ros2_ws/install/my_robot_controller/lib/python3.10/site-packages:${PYTHONPATH} /usr/bin/python3 -W ignore:setup.py install is deprecated setup.py egg_info --egg-base ../../build/my_robot_controller build --build-base /home/devin/ros2_ws/build/my_robot_controller/build install --record /home/devin/ros2_ws/build/my_robot_controller/install.log --single-version-externally-managed install_data
[0.457s] running egg_info
[0.457s] writing ../../build/my_robot_controller/my_robot_controller.egg-info/PKG-INFO
[0.457s] writing dependency_links to ../../build/my_robot_controller/my_robot_controller.egg-info/dependency_links.txt
[0.457s] writing entry points to ../../build/my_robot_controller/my_robot_controller.egg-info/entry_points.txt
[0.457s] writing requirements to ../../build/my_robot_controller/my_robot_controller.egg-info/requires.txt
[0.457s] writing top-level names to ../../build/my_robot_controller/my_robot_controller.egg-info/top_level.txt
[0.459s] reading manifest file '../../build/my_robot_controller/my_robot_controller.egg-info/SOURCES.txt'
[0.459s] writing manifest file '../../build/my_robot_controller/my_robot_controller.egg-info/SOURCES.txt'
[0.459s] running build
[0.459s] running build_py
[0.459s] copying my_robot_controller/my_first_node.py -> /home/devin/ros2_ws/build/my_robot_controller/build/lib/my_robot_controller
[0.459s] running install
[0.460s] running install_lib
[0.460s] copying /home/devin/ros2_ws/build/my_robot_controller/build/lib/my_robot_controller/my_first_node.py -> /home/devin/ros2_ws/install/my_robot_controller/lib/python3.10/site-packages/my_robot_controller
[0.461s] byte-compiling /home/devin/ros2_ws/install/my_robot_controller/lib/python3.10/site-packages/my_robot_controller/my_first_node.py to my_first_node.cpython-310.pyc
[0.461s] running install_data
[0.461s] running install_egg_info
[0.463s] removing '/home/devin/ros2_ws/install/my_robot_controller/lib/python3.10/site-packages/my_robot_controller-0.0.0-py3.10.egg-info' (and everything under it)
[0.464s] Copying ../../build/my_robot_controller/my_robot_controller.egg-info to /home/devin/ros2_ws/install/my_robot_controller/lib/python3.10/site-packages/my_robot_controller-0.0.0-py3.10.egg-info
[0.465s] running install_scripts
[0.494s] writing list of installed files to '/home/devin/ros2_ws/build/my_robot_controller/install.log'
[0.535s] Invoked command in '/home/devin/ros2_ws/src/my_robot_controller' returned '0': PYTHONPATH=/home/devin/ros2_ws/build/my_robot_controller/prefix_override:/usr/lib/python3/dist-packages/colcon_core/task/python/colcon_distutils_commands:/home/devin/ros2_ws/install/my_robot_controller/lib/python3.10/site-packages:${PYTHONPATH} /usr/bin/python3 -W ignore:setup.py install is deprecated setup.py egg_info --egg-base ../../build/my_robot_controller build --build-base /home/devin/ros2_ws/build/my_robot_controller/build install --record /home/devin/ros2_ws/build/my_robot_controller/install.log --single-version-externally-managed install_data
