[0.929s] Invoking command in '/home/devin/Documents/Github-Projects/ROS2_Projects/ros2_ws/src/turtle_sim_navigation': PYTHONPATH=/home/devin/Documents/Github-Projects/ROS2_Projects/ros2_ws/build/turtle_sim_navigation/prefix_override:/usr/lib/python3/dist-packages/colcon_core/task/python/colcon_distutils_commands:/home/devin/Documents/Github-Projects/ROS2_Projects/ros2_ws/install/turtle_sim_navigation/lib/python3.10/site-packages:${PYTHONPATH} /usr/bin/python3 -W ignore:setup.py install is deprecated setup.py egg_info --egg-base ../../build/turtle_sim_navigation build --build-base /home/devin/Documents/Github-Projects/ROS2_Projects/ros2_ws/build/turtle_sim_navigation/build install --record /home/devin/Documents/Github-Projects/ROS2_Projects/ros2_ws/build/turtle_sim_navigation/install.log --single-version-externally-managed install_data
[1.082s] running egg_info
[1.082s] creating ../../build/turtle_sim_navigation/turtle_sim_navigation.egg-info
[1.082s] writing ../../build/turtle_sim_navigation/turtle_sim_navigation.egg-info/PKG-INFO
[1.082s] writing dependency_links to ../../build/turtle_sim_navigation/turtle_sim_navigation.egg-info/dependency_links.txt
[1.083s] writing entry points to ../../build/turtle_sim_navigation/turtle_sim_navigation.egg-info/entry_points.txt
[1.083s] writing requirements to ../../build/turtle_sim_navigation/turtle_sim_navigation.egg-info/requires.txt
[1.083s] writing top-level names to ../../build/turtle_sim_navigation/turtle_sim_navigation.egg-info/top_level.txt
[1.083s] writing manifest file '../../build/turtle_sim_navigation/turtle_sim_navigation.egg-info/SOURCES.txt'
[1.084s] reading manifest file '../../build/turtle_sim_navigation/turtle_sim_navigation.egg-info/SOURCES.txt'
[1.085s] writing manifest file '../../build/turtle_sim_navigation/turtle_sim_navigation.egg-info/SOURCES.txt'
[1.085s] running build
[1.085s] running build_py
[1.085s] creating /home/devin/Documents/Github-Projects/ROS2_Projects/ros2_ws/build/turtle_sim_navigation/build
[1.085s] creating /home/devin/Documents/Github-Projects/ROS2_Projects/ros2_ws/build/turtle_sim_navigation/build/lib
[1.085s] creating /home/devin/Documents/Github-Projects/ROS2_Projects/ros2_ws/build/turtle_sim_navigation/build/lib/turtle_sim_navigation
[1.085s] copying turtle_sim_navigation/move_turtle.py -> /home/devin/Documents/Github-Projects/ROS2_Projects/ros2_ws/build/turtle_sim_navigation/build/lib/turtle_sim_navigation
[1.085s] copying turtle_sim_navigation/__init__.py -> /home/devin/Documents/Github-Projects/ROS2_Projects/ros2_ws/build/turtle_sim_navigation/build/lib/turtle_sim_navigation
[1.086s] running install
[1.086s] running install_lib
[1.086s] creating /home/devin/Documents/Github-Projects/ROS2_Projects/ros2_ws/install/turtle_sim_navigation/lib/python3.10/site-packages/turtle_sim_navigation
[1.086s] copying /home/devin/Documents/Github-Projects/ROS2_Projects/ros2_ws/build/turtle_sim_navigation/build/lib/turtle_sim_navigation/move_turtle.py -> /home/devin/Documents/Github-Projects/ROS2_Projects/ros2_ws/install/turtle_sim_navigation/lib/python3.10/site-packages/turtle_sim_navigation
[1.086s] copying /home/devin/Documents/Github-Projects/ROS2_Projects/ros2_ws/build/turtle_sim_navigation/build/lib/turtle_sim_navigation/__init__.py -> /home/devin/Documents/Github-Projects/ROS2_Projects/ros2_ws/install/turtle_sim_navigation/lib/python3.10/site-packages/turtle_sim_navigation
[1.086s] byte-compiling /home/devin/Documents/Github-Projects/ROS2_Projects/ros2_ws/install/turtle_sim_navigation/lib/python3.10/site-packages/turtle_sim_navigation/move_turtle.py to move_turtle.cpython-310.pyc
[1.087s] byte-compiling /home/devin/Documents/Github-Projects/ROS2_Projects/ros2_ws/install/turtle_sim_navigation/lib/python3.10/site-packages/turtle_sim_navigation/__init__.py to __init__.cpython-310.pyc
[1.087s] running install_data
[1.087s] creating /home/devin/Documents/Github-Projects/ROS2_Projects/ros2_ws/install/turtle_sim_navigation/share/ament_index
[1.087s] creating /home/devin/Documents/Github-Projects/ROS2_Projects/ros2_ws/install/turtle_sim_navigation/share/ament_index/resource_index
[1.087s] creating /home/devin/Documents/Github-Projects/ROS2_Projects/ros2_ws/install/turtle_sim_navigation/share/ament_index/resource_index/packages
[1.087s] copying resource/turtle_sim_navigation -> /home/devin/Documents/Github-Projects/ROS2_Projects/ros2_ws/install/turtle_sim_navigation/share/ament_index/resource_index/packages
[1.087s] copying package.xml -> /home/devin/Documents/Github-Projects/ROS2_Projects/ros2_ws/install/turtle_sim_navigation/share/turtle_sim_navigation
[1.087s] running install_egg_info
[1.089s] Copying ../../build/turtle_sim_navigation/turtle_sim_navigation.egg-info to /home/devin/Documents/Github-Projects/ROS2_Projects/ros2_ws/install/turtle_sim_navigation/lib/python3.10/site-packages/turtle_sim_navigation-0.0.0-py3.10.egg-info
[1.089s] running install_scripts
[1.105s] Installing turtle script to /home/devin/Documents/Github-Projects/ROS2_Projects/ros2_ws/install/turtle_sim_navigation/lib/turtle_sim_navigation
[1.105s] writing list of installed files to '/home/devin/Documents/Github-Projects/ROS2_Projects/ros2_ws/build/turtle_sim_navigation/install.log'
[1.147s] Invoked command in '/home/devin/Documents/Github-Projects/ROS2_Projects/ros2_ws/src/turtle_sim_navigation' returned '0': PYTHONPATH=/home/devin/Documents/Github-Projects/ROS2_Projects/ros2_ws/build/turtle_sim_navigation/prefix_override:/usr/lib/python3/dist-packages/colcon_core/task/python/colcon_distutils_commands:/home/devin/Documents/Github-Projects/ROS2_Projects/ros2_ws/install/turtle_sim_navigation/lib/python3.10/site-packages:${PYTHONPATH} /usr/bin/python3 -W ignore:setup.py install is deprecated setup.py egg_info --egg-base ../../build/turtle_sim_navigation build --build-base /home/devin/Documents/Github-Projects/ROS2_Projects/ros2_ws/build/turtle_sim_navigation/build install --record /home/devin/Documents/Github-Projects/ROS2_Projects/ros2_ws/build/turtle_sim_navigation/install.log --single-version-externally-managed install_data
